CRITICAL - 2021-09-13 13:52:07 --> Too few arguments to function App\Controllers\Siswa_tbtk::excel_data_pendaftaran(), 0 passed in C:\xampp\htdocs\ppdb_ursula_admin\vendor\codeigniter4\framework\system\CodeIgniter.php on line 928 and exactly 1 expected
#0 C:\xampp\htdocs\ppdb_ursula_admin\vendor\codeigniter4\framework\system\CodeIgniter.php(928): App\Controllers\Siswa_tbtk->excel_data_pendaftaran()
#1 C:\xampp\htdocs\ppdb_ursula_admin\vendor\codeigniter4\framework\system\CodeIgniter.php(436): CodeIgniter\CodeIgniter->runController(Object(App\Controllers\Siswa_tbtk))
#2 C:\xampp\htdocs\ppdb_ursula_admin\vendor\codeigniter4\framework\system\CodeIgniter.php(336): CodeIgniter\CodeIgniter->handleRequest(NULL, Object(Config\Cache), false)
#3 C:\xampp\htdocs\ppdb_ursula_admin\public\index.php(37): CodeIgniter\CodeIgniter->run()
#4 C:\xampp\htdocs\ppdb_ursula_admin\vendor\codeigniter4\framework\system\Commands\Server\rewrite.php(45): require_once('C:\\xampp\\htdocs...')
#5 {main}
CRITICAL - 2021-09-13 14:19:43 --> Undefined variable $siswa_tbtk
#0 C:\xampp\htdocs\ppdb_ursula_admin\app\Views\sd\data_pendaftaran_internal.php(167): CodeIgniter\Debug\Exceptions->errorHandler(2, 'Undefined varia...', 'C:\\xampp\\htdocs...', 167)
#1 C:\xampp\htdocs\ppdb_ursula_admin\vendor\codeigniter4\framework\system\View\View.php(230): include('C:\\xampp\\htdocs...')
#2 C:\xampp\htdocs\ppdb_ursula_admin\vendor\codeigniter4\framework\system\View\View.php(232): CodeIgniter\View\View->CodeIgniter\View\{closure}()
#3 C:\xampp\htdocs\ppdb_ursula_admin\vendor\codeigniter4\framework\system\Common.php(1271): CodeIgniter\View\View->render('sd/data_pendaft...', Array, true)
#4 C:\xampp\htdocs\ppdb_ursula_admin\app\Controllers\Siswa_sd.php(44): view('sd/data_pendaft...', Array)
#5 C:\xampp\htdocs\ppdb_ursula_admin\vendor\codeigniter4\framework\system\CodeIgniter.php(928): App\Controllers\Siswa_sd->internal()
#6 C:\xampp\htdocs\ppdb_ursula_admin\vendor\codeigniter4\framework\system\CodeIgniter.php(436): CodeIgniter\CodeIgniter->runController(Object(App\Controllers\Siswa_sd))
#7 C:\xampp\htdocs\ppdb_ursula_admin\vendor\codeigniter4\framework\system\CodeIgniter.php(336): CodeIgniter\CodeIgniter->handleRequest(NULL, Object(Config\Cache), false)
#8 C:\xampp\htdocs\ppdb_ursula_admin\public\index.php(37): CodeIgniter\CodeIgniter->run()
#9 C:\xampp\htdocs\ppdb_ursula_admin\vendor\codeigniter4\framework\system\Commands\Server\rewrite.php(45): require_once('C:\\xampp\\htdocs...')
#10 {main}
CRITICAL - 2021-09-13 15:08:27 --> Cannot use object of type stdClass as array
#0 C:\xampp\htdocs\ppdb_ursula_admin\vendor\codeigniter4\framework\system\View\View.php(230): include()
#1 C:\xampp\htdocs\ppdb_ursula_admin\vendor\codeigniter4\framework\system\View\View.php(232): CodeIgniter\View\View->CodeIgniter\View\{closure}()
#2 C:\xampp\htdocs\ppdb_ursula_admin\vendor\codeigniter4\framework\system\Common.php(1271): CodeIgniter\View\View->render('sd/detail_penda...', Array, true)
#3 C:\xampp\htdocs\ppdb_ursula_admin\app\Controllers\Siswa_sd.php(183): view('sd/detail_penda...', Array)
#4 C:\xampp\htdocs\ppdb_ursula_admin\vendor\codeigniter4\framework\system\CodeIgniter.php(928): App\Controllers\Siswa_sd->detail('calon-siswa-sd-...')
#5 C:\xampp\htdocs\ppdb_ursula_admin\vendor\codeigniter4\framework\system\CodeIgniter.php(436): CodeIgniter\CodeIgniter->runController(Object(App\Controllers\Siswa_sd))
#6 C:\xampp\htdocs\ppdb_ursula_admin\vendor\codeigniter4\framework\system\CodeIgniter.php(336): CodeIgniter\CodeIgniter->handleRequest(NULL, Object(Config\Cache), false)
#7 C:\xampp\htdocs\ppdb_ursula_admin\public\index.php(37): CodeIgniter\CodeIgniter->run()
#8 C:\xampp\htdocs\ppdb_ursula_admin\vendor\codeigniter4\framework\system\Commands\Server\rewrite.php(45): require_once('C:\\xampp\\htdocs...')
#9 {main}
CRITICAL - 2021-09-13 15:22:00 --> Undefined variable $tbtk
#0 C:\xampp\htdocs\ppdb_ursula_admin\app\Views\sd\detail_pendaftaran.php(296): CodeIgniter\Debug\Exceptions->errorHandler(2, 'Undefined varia...', 'C:\\xampp\\htdocs...', 296)
#1 C:\xampp\htdocs\ppdb_ursula_admin\vendor\codeigniter4\framework\system\View\View.php(230): include('C:\\xampp\\htdocs...')
#2 C:\xampp\htdocs\ppdb_ursula_admin\vendor\codeigniter4\framework\system\View\View.php(232): CodeIgniter\View\View->CodeIgniter\View\{closure}()
#3 C:\xampp\htdocs\ppdb_ursula_admin\vendor\codeigniter4\framework\system\Common.php(1271): CodeIgniter\View\View->render('sd/detail_penda...', Array, true)
#4 C:\xampp\htdocs\ppdb_ursula_admin\app\Controllers\Siswa_sd.php(183): view('sd/detail_penda...', Array)
#5 C:\xampp\htdocs\ppdb_ursula_admin\vendor\codeigniter4\framework\system\CodeIgniter.php(928): App\Controllers\Siswa_sd->detail('calon-siswa-sd-...')
#6 C:\xampp\htdocs\ppdb_ursula_admin\vendor\codeigniter4\framework\system\CodeIgniter.php(436): CodeIgniter\CodeIgniter->runController(Object(App\Controllers\Siswa_sd))
#7 C:\xampp\htdocs\ppdb_ursula_admin\vendor\codeigniter4\framework\system\CodeIgniter.php(336): CodeIgniter\CodeIgniter->handleRequest(NULL, Object(Config\Cache), false)
#8 C:\xampp\htdocs\ppdb_ursula_admin\public\index.php(37): CodeIgniter\CodeIgniter->run()
#9 C:\xampp\htdocs\ppdb_ursula_admin\vendor\codeigniter4\framework\system\Commands\Server\rewrite.php(45): require_once('C:\\xampp\\htdocs...')
#10 {main}
CRITICAL - 2021-09-13 15:24:56 --> Undefined variable $tbtk
#0 C:\xampp\htdocs\ppdb_ursula_admin\app\Views\sd\excel\excel_data_beasiswa.php(50): CodeIgniter\Debug\Exceptions->errorHandler(2, 'Undefined varia...', 'C:\\xampp\\htdocs...', 50)
#1 C:\xampp\htdocs\ppdb_ursula_admin\vendor\codeigniter4\framework\system\View\View.php(230): include('C:\\xampp\\htdocs...')
#2 C:\xampp\htdocs\ppdb_ursula_admin\vendor\codeigniter4\framework\system\View\View.php(232): CodeIgniter\View\View->CodeIgniter\View\{closure}()
#3 C:\xampp\htdocs\ppdb_ursula_admin\vendor\codeigniter4\framework\system\Common.php(1271): CodeIgniter\View\View->render('sd/excel/excel_...', Array, true)
#4 C:\xampp\htdocs\ppdb_ursula_admin\app\Controllers\Siswa_sd.php(269): view('sd/excel/excel_...', Array)
#5 C:\xampp\htdocs\ppdb_ursula_admin\vendor\codeigniter4\framework\system\CodeIgniter.php(928): App\Controllers\Siswa_sd->excel_data_beasiswa()
#6 C:\xampp\htdocs\ppdb_ursula_admin\vendor\codeigniter4\framework\system\CodeIgniter.php(436): CodeIgniter\CodeIgniter->runController(Object(App\Controllers\Siswa_sd))
#7 C:\xampp\htdocs\ppdb_ursula_admin\vendor\codeigniter4\framework\system\CodeIgniter.php(336): CodeIgniter\CodeIgniter->handleRequest(NULL, Object(Config\Cache), false)
#8 C:\xampp\htdocs\ppdb_ursula_admin\public\index.php(37): CodeIgniter\CodeIgniter->run()
#9 C:\xampp\htdocs\ppdb_ursula_admin\vendor\codeigniter4\framework\system\Commands\Server\rewrite.php(45): require_once('C:\\xampp\\htdocs...')
#10 {main}
CRITICAL - 2021-09-13 15:24:57 --> Undefined variable $tbtk
#0 C:\xampp\htdocs\ppdb_ursula_admin\app\Views\sd\excel\excel_data_beasiswa.php(50): CodeIgniter\Debug\Exceptions->errorHandler(2, 'Undefined varia...', 'C:\\xampp\\htdocs...', 50)
#1 C:\xampp\htdocs\ppdb_ursula_admin\vendor\codeigniter4\framework\system\View\View.php(230): include('C:\\xampp\\htdocs...')
#2 C:\xampp\htdocs\ppdb_ursula_admin\vendor\codeigniter4\framework\system\View\View.php(232): CodeIgniter\View\View->CodeIgniter\View\{closure}()
#3 C:\xampp\htdocs\ppdb_ursula_admin\vendor\codeigniter4\framework\system\Common.php(1271): CodeIgniter\View\View->render('sd/excel/excel_...', Array, true)
#4 C:\xampp\htdocs\ppdb_ursula_admin\app\Controllers\Siswa_sd.php(269): view('sd/excel/excel_...', Array)
#5 C:\xampp\htdocs\ppdb_ursula_admin\vendor\codeigniter4\framework\system\CodeIgniter.php(928): App\Controllers\Siswa_sd->excel_data_beasiswa()
#6 C:\xampp\htdocs\ppdb_ursula_admin\vendor\codeigniter4\framework\system\CodeIgniter.php(436): CodeIgniter\CodeIgniter->runController(Object(App\Controllers\Siswa_sd))
#7 C:\xampp\htdocs\ppdb_ursula_admin\vendor\codeigniter4\framework\system\CodeIgniter.php(336): CodeIgniter\CodeIgniter->handleRequest(NULL, Object(Config\Cache), false)
#8 C:\xampp\htdocs\ppdb_ursula_admin\public\index.php(37): CodeIgniter\CodeIgniter->run()
#9 C:\xampp\htdocs\ppdb_ursula_admin\vendor\codeigniter4\framework\system\Commands\Server\rewrite.php(45): require_once('C:\\xampp\\htdocs...')
#10 {main}
CRITICAL - 2021-09-13 15:29:00 --> Call to undefined method App\Models\SdDapodikModel::getDapodik
#0 C:\xampp\htdocs\ppdb_ursula_admin\app\Controllers\Siswa_sd.php(387): CodeIgniter\Model->__call('getDapodik', Array)
#1 C:\xampp\htdocs\ppdb_ursula_admin\vendor\codeigniter4\framework\system\CodeIgniter.php(928): App\Controllers\Siswa_sd->detail_data_dapodik('calon-siswa-sd-...')
#2 C:\xampp\htdocs\ppdb_ursula_admin\vendor\codeigniter4\framework\system\CodeIgniter.php(436): CodeIgniter\CodeIgniter->runController(Object(App\Controllers\Siswa_sd))
#3 C:\xampp\htdocs\ppdb_ursula_admin\vendor\codeigniter4\framework\system\CodeIgniter.php(336): CodeIgniter\CodeIgniter->handleRequest(NULL, Object(Config\Cache), false)
#4 C:\xampp\htdocs\ppdb_ursula_admin\public\index.php(37): CodeIgniter\CodeIgniter->run()
#5 C:\xampp\htdocs\ppdb_ursula_admin\vendor\codeigniter4\framework\system\Commands\Server\rewrite.php(45): require_once('C:\\xampp\\htdocs...')
#6 {main}
CRITICAL - 2021-09-13 15:29:21 --> Call to undefined method App\Models\SdDapodikModel::getDapodik
#0 C:\xampp\htdocs\ppdb_ursula_admin\app\Controllers\Siswa_sd.php(387): CodeIgniter\Model->__call('getDapodik', Array)
#1 C:\xampp\htdocs\ppdb_ursula_admin\vendor\codeigniter4\framework\system\CodeIgniter.php(928): App\Controllers\Siswa_sd->detail_data_dapodik('calon-siswa-sd-...')
#2 C:\xampp\htdocs\ppdb_ursula_admin\vendor\codeigniter4\framework\system\CodeIgniter.php(436): CodeIgniter\CodeIgniter->runController(Object(App\Controllers\Siswa_sd))
#3 C:\xampp\htdocs\ppdb_ursula_admin\vendor\codeigniter4\framework\system\CodeIgniter.php(336): CodeIgniter\CodeIgniter->handleRequest(NULL, Object(Config\Cache), false)
#4 C:\xampp\htdocs\ppdb_ursula_admin\public\index.php(37): CodeIgniter\CodeIgniter->run()
#5 C:\xampp\htdocs\ppdb_ursula_admin\vendor\codeigniter4\framework\system\Commands\Server\rewrite.php(45): require_once('C:\\xampp\\htdocs...')
#6 {main}
CRITICAL - 2021-09-13 15:29:30 --> Call to undefined method App\Models\SdDapodikModel::getDapodik
#0 C:\xampp\htdocs\ppdb_ursula_admin\app\Controllers\Siswa_sd.php(387): CodeIgniter\Model->__call('getDapodik', Array)
#1 C:\xampp\htdocs\ppdb_ursula_admin\vendor\codeigniter4\framework\system\CodeIgniter.php(928): App\Controllers\Siswa_sd->detail_data_dapodik('calon-siswa-sd-...')
#2 C:\xampp\htdocs\ppdb_ursula_admin\vendor\codeigniter4\framework\system\CodeIgniter.php(436): CodeIgniter\CodeIgniter->runController(Object(App\Controllers\Siswa_sd))
#3 C:\xampp\htdocs\ppdb_ursula_admin\vendor\codeigniter4\framework\system\CodeIgniter.php(336): CodeIgniter\CodeIgniter->handleRequest(NULL, Object(Config\Cache), false)
#4 C:\xampp\htdocs\ppdb_ursula_admin\public\index.php(37): CodeIgniter\CodeIgniter->run()
#5 C:\xampp\htdocs\ppdb_ursula_admin\vendor\codeigniter4\framework\system\Commands\Server\rewrite.php(45): require_once('C:\\xampp\\htdocs...')
#6 {main}
CRITICAL - 2021-09-13 15:33:33 --> Attempt to read property "nama_lengkap" on null
#0 C:\xampp\htdocs\ppdb_ursula_admin\app\Views\sd\detail_data_dapodik.php(75): CodeIgniter\Debug\Exceptions->errorHandler(2, 'Attempt to read...', 'C:\\xampp\\htdocs...', 75)
#1 C:\xampp\htdocs\ppdb_ursula_admin\vendor\codeigniter4\framework\system\View\View.php(230): include('C:\\xampp\\htdocs...')
#2 C:\xampp\htdocs\ppdb_ursula_admin\vendor\codeigniter4\framework\system\View\View.php(232): CodeIgniter\View\View->CodeIgniter\View\{closure}()
#3 C:\xampp\htdocs\ppdb_ursula_admin\vendor\codeigniter4\framework\system\Common.php(1271): CodeIgniter\View\View->render('sd/detail_data_...', Array, true)
#4 C:\xampp\htdocs\ppdb_ursula_admin\app\Controllers\Siswa_sd.php(394): view('sd/detail_data_...', Array)
#5 C:\xampp\htdocs\ppdb_ursula_admin\vendor\codeigniter4\framework\system\CodeIgniter.php(928): App\Controllers\Siswa_sd->detail_data_dapodik('calon-siswa-sd-...')
#6 C:\xampp\htdocs\ppdb_ursula_admin\vendor\codeigniter4\framework\system\CodeIgniter.php(436): CodeIgniter\CodeIgniter->runController(Object(App\Controllers\Siswa_sd))
#7 C:\xampp\htdocs\ppdb_ursula_admin\vendor\codeigniter4\framework\system\CodeIgniter.php(336): CodeIgniter\CodeIgniter->handleRequest(NULL, Object(Config\Cache), false)
#8 C:\xampp\htdocs\ppdb_ursula_admin\public\index.php(37): CodeIgniter\CodeIgniter->run()
#9 C:\xampp\htdocs\ppdb_ursula_admin\vendor\codeigniter4\framework\system\Commands\Server\rewrite.php(45): require_once('C:\\xampp\\htdocs...')
#10 {main}
CRITICAL - 2021-09-13 15:33:55 --> Attempt to read property "nama_lengkap" on null
#0 C:\xampp\htdocs\ppdb_ursula_admin\app\Views\tbtk\detail_data_dapodik.php(75): CodeIgniter\Debug\Exceptions->errorHandler(2, 'Attempt to read...', 'C:\\xampp\\htdocs...', 75)
#1 C:\xampp\htdocs\ppdb_ursula_admin\vendor\codeigniter4\framework\system\View\View.php(230): include('C:\\xampp\\htdocs...')
#2 C:\xampp\htdocs\ppdb_ursula_admin\vendor\codeigniter4\framework\system\View\View.php(232): CodeIgniter\View\View->CodeIgniter\View\{closure}()
#3 C:\xampp\htdocs\ppdb_ursula_admin\vendor\codeigniter4\framework\system\Common.php(1271): CodeIgniter\View\View->render('tbtk/detail_dat...', Array, true)
#4 C:\xampp\htdocs\ppdb_ursula_admin\app\Controllers\Siswa_tbtk.php(299): view('tbtk/detail_dat...', Array)
#5 C:\xampp\htdocs\ppdb_ursula_admin\vendor\codeigniter4\framework\system\CodeIgniter.php(928): App\Controllers\Siswa_tbtk->detail_data_dapodik('calon-peserta-d...')
#6 C:\xampp\htdocs\ppdb_ursula_admin\vendor\codeigniter4\framework\system\CodeIgniter.php(436): CodeIgniter\CodeIgniter->runController(Object(App\Controllers\Siswa_tbtk))
#7 C:\xampp\htdocs\ppdb_ursula_admin\vendor\codeigniter4\framework\system\CodeIgniter.php(336): CodeIgniter\CodeIgniter->handleRequest(NULL, Object(Config\Cache), false)
#8 C:\xampp\htdocs\ppdb_ursula_admin\public\index.php(37): CodeIgniter\CodeIgniter->run()
#9 C:\xampp\htdocs\ppdb_ursula_admin\vendor\codeigniter4\framework\system\Commands\Server\rewrite.php(45): require_once('C:\\xampp\\htdocs...')
#10 {main}
CRITICAL - 2021-09-13 15:38:45 --> Undefined variable $siswa_tbtk
#0 C:\xampp\htdocs\ppdb_ursula_admin\app\Views\sd\data_dapodik.php(49): CodeIgniter\Debug\Exceptions->errorHandler(2, 'Undefined varia...', 'C:\\xampp\\htdocs...', 49)
#1 C:\xampp\htdocs\ppdb_ursula_admin\vendor\codeigniter4\framework\system\View\View.php(230): include('C:\\xampp\\htdocs...')
#2 C:\xampp\htdocs\ppdb_ursula_admin\vendor\codeigniter4\framework\system\View\View.php(232): CodeIgniter\View\View->CodeIgniter\View\{closure}()
#3 C:\xampp\htdocs\ppdb_ursula_admin\vendor\codeigniter4\framework\system\Common.php(1271): CodeIgniter\View\View->render('sd/data_dapodik', Array, true)
#4 C:\xampp\htdocs\ppdb_ursula_admin\app\Controllers\Siswa_sd.php(368): view('sd/data_dapodik', Array)
#5 C:\xampp\htdocs\ppdb_ursula_admin\vendor\codeigniter4\framework\system\CodeIgniter.php(928): App\Controllers\Siswa_sd->data_dapodik()
#6 C:\xampp\htdocs\ppdb_ursula_admin\vendor\codeigniter4\framework\system\CodeIgniter.php(436): CodeIgniter\CodeIgniter->runController(Object(App\Controllers\Siswa_sd))
#7 C:\xampp\htdocs\ppdb_ursula_admin\vendor\codeigniter4\framework\system\CodeIgniter.php(336): CodeIgniter\CodeIgniter->handleRequest(NULL, Object(Config\Cache), false)
#8 C:\xampp\htdocs\ppdb_ursula_admin\public\index.php(37): CodeIgniter\CodeIgniter->run()
#9 C:\xampp\htdocs\ppdb_ursula_admin\vendor\codeigniter4\framework\system\Commands\Server\rewrite.php(45): require_once('C:\\xampp\\htdocs...')
#10 {main}
CRITICAL - 2021-09-13 15:38:57 --> Attempt to read property "nama_lengkap" on null
#0 C:\xampp\htdocs\ppdb_ursula_admin\app\Views\sd\detail_data_dapodik.php(75): CodeIgniter\Debug\Exceptions->errorHandler(2, 'Attempt to read...', 'C:\\xampp\\htdocs...', 75)
#1 C:\xampp\htdocs\ppdb_ursula_admin\vendor\codeigniter4\framework\system\View\View.php(230): include('C:\\xampp\\htdocs...')
#2 C:\xampp\htdocs\ppdb_ursula_admin\vendor\codeigniter4\framework\system\View\View.php(232): CodeIgniter\View\View->CodeIgniter\View\{closure}()
#3 C:\xampp\htdocs\ppdb_ursula_admin\vendor\codeigniter4\framework\system\Common.php(1271): CodeIgniter\View\View->render('sd/detail_data_...', Array, true)
#4 C:\xampp\htdocs\ppdb_ursula_admin\app\Controllers\Siswa_sd.php(394): view('sd/detail_data_...', Array)
#5 C:\xampp\htdocs\ppdb_ursula_admin\vendor\codeigniter4\framework\system\CodeIgniter.php(928): App\Controllers\Siswa_sd->detail_data_dapodik('calon-siswa-sd-...')
#6 C:\xampp\htdocs\ppdb_ursula_admin\vendor\codeigniter4\framework\system\CodeIgniter.php(436): CodeIgniter\CodeIgniter->runController(Object(App\Controllers\Siswa_sd))
#7 C:\xampp\htdocs\ppdb_ursula_admin\vendor\codeigniter4\framework\system\CodeIgniter.php(336): CodeIgniter\CodeIgniter->handleRequest(NULL, Object(Config\Cache), false)
#8 C:\xampp\htdocs\ppdb_ursula_admin\public\index.php(37): CodeIgniter\CodeIgniter->run()
#9 C:\xampp\htdocs\ppdb_ursula_admin\vendor\codeigniter4\framework\system\Commands\Server\rewrite.php(45): require_once('C:\\xampp\\htdocs...')
#10 {main}
CRITICAL - 2021-09-13 16:27:06 --> Invalid file: smp/data_pendaftaran.php
#0 C:\xampp\htdocs\ppdb_ursula_admin\vendor\codeigniter4\framework\system\View\View.php(213): CodeIgniter\Exceptions\FrameworkException::forInvalidFile('smp/data_pendaf...')
#1 C:\xampp\htdocs\ppdb_ursula_admin\vendor\codeigniter4\framework\system\Common.php(1271): CodeIgniter\View\View->render('smp/data_pendaf...', Array, true)
#2 C:\xampp\htdocs\ppdb_ursula_admin\app\Controllers\Siswa_smp.php(44): view('smp/data_pendaf...', Array)
#3 C:\xampp\htdocs\ppdb_ursula_admin\vendor\codeigniter4\framework\system\CodeIgniter.php(928): App\Controllers\Siswa_smp->data_pendaftaran()
#4 C:\xampp\htdocs\ppdb_ursula_admin\vendor\codeigniter4\framework\system\CodeIgniter.php(436): CodeIgniter\CodeIgniter->runController(Object(App\Controllers\Siswa_smp))
#5 C:\xampp\htdocs\ppdb_ursula_admin\vendor\codeigniter4\framework\system\CodeIgniter.php(336): CodeIgniter\CodeIgniter->handleRequest(NULL, Object(Config\Cache), false)
#6 C:\xampp\htdocs\ppdb_ursula_admin\public\index.php(37): CodeIgniter\CodeIgniter->run()
#7 C:\xampp\htdocs\ppdb_ursula_admin\vendor\codeigniter4\framework\system\Commands\Server\rewrite.php(45): require_once('C:\\xampp\\htdocs...')
#8 {main}
CRITICAL - 2021-09-13 16:36:50 --> Cannot use object of type stdClass as array
#0 C:\xampp\htdocs\ppdb_ursula_admin\vendor\codeigniter4\framework\system\View\View.php(230): include()
#1 C:\xampp\htdocs\ppdb_ursula_admin\vendor\codeigniter4\framework\system\View\View.php(232): CodeIgniter\View\View->CodeIgniter\View\{closure}()
#2 C:\xampp\htdocs\ppdb_ursula_admin\vendor\codeigniter4\framework\system\Common.php(1271): CodeIgniter\View\View->render('smp/detail_pend...', Array, true)
#3 C:\xampp\htdocs\ppdb_ursula_admin\app\Controllers\Siswa_smp.php(184): view('smp/detail_pend...', Array)
#4 C:\xampp\htdocs\ppdb_ursula_admin\vendor\codeigniter4\framework\system\CodeIgniter.php(928): App\Controllers\Siswa_smp->detail('calon-siswa-smp...')
#5 C:\xampp\htdocs\ppdb_ursula_admin\vendor\codeigniter4\framework\system\CodeIgniter.php(436): CodeIgniter\CodeIgniter->runController(Object(App\Controllers\Siswa_smp))
#6 C:\xampp\htdocs\ppdb_ursula_admin\vendor\codeigniter4\framework\system\CodeIgniter.php(336): CodeIgniter\CodeIgniter->handleRequest(NULL, Object(Config\Cache), false)
#7 C:\xampp\htdocs\ppdb_ursula_admin\public\index.php(37): CodeIgniter\CodeIgniter->run()
#8 C:\xampp\htdocs\ppdb_ursula_admin\vendor\codeigniter4\framework\system\Commands\Server\rewrite.php(45): require_once('C:\\xampp\\htdocs...')
#9 {main}
CRITICAL - 2021-09-13 16:37:03 --> Cannot use object of type stdClass as array
#0 C:\xampp\htdocs\ppdb_ursula_admin\vendor\codeigniter4\framework\system\View\View.php(230): include()
#1 C:\xampp\htdocs\ppdb_ursula_admin\vendor\codeigniter4\framework\system\View\View.php(232): CodeIgniter\View\View->CodeIgniter\View\{closure}()
#2 C:\xampp\htdocs\ppdb_ursula_admin\vendor\codeigniter4\framework\system\Common.php(1271): CodeIgniter\View\View->render('smp/detail_pend...', Array, true)
#3 C:\xampp\htdocs\ppdb_ursula_admin\app\Controllers\Siswa_smp.php(184): view('smp/detail_pend...', Array)
#4 C:\xampp\htdocs\ppdb_ursula_admin\vendor\codeigniter4\framework\system\CodeIgniter.php(928): App\Controllers\Siswa_smp->detail('calon-siswa-smp...')
#5 C:\xampp\htdocs\ppdb_ursula_admin\vendor\codeigniter4\framework\system\CodeIgniter.php(436): CodeIgniter\CodeIgniter->runController(Object(App\Controllers\Siswa_smp))
#6 C:\xampp\htdocs\ppdb_ursula_admin\vendor\codeigniter4\framework\system\CodeIgniter.php(336): CodeIgniter\CodeIgniter->handleRequest(NULL, Object(Config\Cache), false)
#7 C:\xampp\htdocs\ppdb_ursula_admin\public\index.php(37): CodeIgniter\CodeIgniter->run()
#8 C:\xampp\htdocs\ppdb_ursula_admin\vendor\codeigniter4\framework\system\Commands\Server\rewrite.php(45): require_once('C:\\xampp\\htdocs...')
#9 {main}
CRITICAL - 2021-09-13 16:37:27 --> Undefined variable $sd
#0 C:\xampp\htdocs\ppdb_ursula_admin\app\Views\smp\detail_pendaftaran.php(418): CodeIgniter\Debug\Exceptions->errorHandler(2, 'Undefined varia...', 'C:\\xampp\\htdocs...', 418)
#1 C:\xampp\htdocs\ppdb_ursula_admin\vendor\codeigniter4\framework\system\View\View.php(230): include('C:\\xampp\\htdocs...')
#2 C:\xampp\htdocs\ppdb_ursula_admin\vendor\codeigniter4\framework\system\View\View.php(232): CodeIgniter\View\View->CodeIgniter\View\{closure}()
#3 C:\xampp\htdocs\ppdb_ursula_admin\vendor\codeigniter4\framework\system\Common.php(1271): CodeIgniter\View\View->render('smp/detail_pend...', Array, true)
#4 C:\xampp\htdocs\ppdb_ursula_admin\app\Controllers\Siswa_smp.php(184): view('smp/detail_pend...', Array)
#5 C:\xampp\htdocs\ppdb_ursula_admin\vendor\codeigniter4\framework\system\CodeIgniter.php(928): App\Controllers\Siswa_smp->detail('calon-siswa-smp...')
#6 C:\xampp\htdocs\ppdb_ursula_admin\vendor\codeigniter4\framework\system\CodeIgniter.php(436): CodeIgniter\CodeIgniter->runController(Object(App\Controllers\Siswa_smp))
#7 C:\xampp\htdocs\ppdb_ursula_admin\vendor\codeigniter4\framework\system\CodeIgniter.php(336): CodeIgniter\CodeIgniter->handleRequest(NULL, Object(Config\Cache), false)
#8 C:\xampp\htdocs\ppdb_ursula_admin\public\index.php(37): CodeIgniter\CodeIgniter->run()
#9 C:\xampp\htdocs\ppdb_ursula_admin\vendor\codeigniter4\framework\system\Commands\Server\rewrite.php(45): require_once('C:\\xampp\\htdocs...')
#10 {main}
CRITICAL - 2021-09-13 16:37:33 --> Undefined variable $sd
#0 C:\xampp\htdocs\ppdb_ursula_admin\app\Views\smp\detail_pendaftaran.php(418): CodeIgniter\Debug\Exceptions->errorHandler(2, 'Undefined varia...', 'C:\\xampp\\htdocs...', 418)
#1 C:\xampp\htdocs\ppdb_ursula_admin\vendor\codeigniter4\framework\system\View\View.php(230): include('C:\\xampp\\htdocs...')
#2 C:\xampp\htdocs\ppdb_ursula_admin\vendor\codeigniter4\framework\system\View\View.php(232): CodeIgniter\View\View->CodeIgniter\View\{closure}()
#3 C:\xampp\htdocs\ppdb_ursula_admin\vendor\codeigniter4\framework\system\Common.php(1271): CodeIgniter\View\View->render('smp/detail_pend...', Array, true)
#4 C:\xampp\htdocs\ppdb_ursula_admin\app\Controllers\Siswa_smp.php(184): view('smp/detail_pend...', Array)
#5 C:\xampp\htdocs\ppdb_ursula_admin\vendor\codeigniter4\framework\system\CodeIgniter.php(928): App\Controllers\Siswa_smp->detail('calon-siswa-smp...')
#6 C:\xampp\htdocs\ppdb_ursula_admin\vendor\codeigniter4\framework\system\CodeIgniter.php(436): CodeIgniter\CodeIgniter->runController(Object(App\Controllers\Siswa_smp))
#7 C:\xampp\htdocs\ppdb_ursula_admin\vendor\codeigniter4\framework\system\CodeIgniter.php(336): CodeIgniter\CodeIgniter->handleRequest(NULL, Object(Config\Cache), false)
#8 C:\xampp\htdocs\ppdb_ursula_admin\public\index.php(37): CodeIgniter\CodeIgniter->run()
#9 C:\xampp\htdocs\ppdb_ursula_admin\vendor\codeigniter4\framework\system\Commands\Server\rewrite.php(45): require_once('C:\\xampp\\htdocs...')
#10 {main}
CRITICAL - 2021-09-13 16:37:58 --> Cannot use object of type stdClass as array
#0 C:\xampp\htdocs\ppdb_ursula_admin\vendor\codeigniter4\framework\system\View\View.php(230): include()
#1 C:\xampp\htdocs\ppdb_ursula_admin\vendor\codeigniter4\framework\system\View\View.php(232): CodeIgniter\View\View->CodeIgniter\View\{closure}()
#2 C:\xampp\htdocs\ppdb_ursula_admin\vendor\codeigniter4\framework\system\Common.php(1271): CodeIgniter\View\View->render('smp/detail_pend...', Array, true)
#3 C:\xampp\htdocs\ppdb_ursula_admin\app\Controllers\Siswa_smp.php(184): view('smp/detail_pend...', Array)
#4 C:\xampp\htdocs\ppdb_ursula_admin\vendor\codeigniter4\framework\system\CodeIgniter.php(928): App\Controllers\Siswa_smp->detail('calon-siswa-smp...')
#5 C:\xampp\htdocs\ppdb_ursula_admin\vendor\codeigniter4\framework\system\CodeIgniter.php(436): CodeIgniter\CodeIgniter->runController(Object(App\Controllers\Siswa_smp))
#6 C:\xampp\htdocs\ppdb_ursula_admin\vendor\codeigniter4\framework\system\CodeIgniter.php(336): CodeIgniter\CodeIgniter->handleRequest(NULL, Object(Config\Cache), false)
#7 C:\xampp\htdocs\ppdb_ursula_admin\public\index.php(37): CodeIgniter\CodeIgniter->run()
#8 C:\xampp\htdocs\ppdb_ursula_admin\vendor\codeigniter4\framework\system\Commands\Server\rewrite.php(45): require_once('C:\\xampp\\htdocs...')
#9 {main}
CRITICAL - 2021-09-13 16:38:10 --> Cannot use object of type stdClass as array
#0 C:\xampp\htdocs\ppdb_ursula_admin\vendor\codeigniter4\framework\system\View\View.php(230): include()
#1 C:\xampp\htdocs\ppdb_ursula_admin\vendor\codeigniter4\framework\system\View\View.php(232): CodeIgniter\View\View->CodeIgniter\View\{closure}()
#2 C:\xampp\htdocs\ppdb_ursula_admin\vendor\codeigniter4\framework\system\Common.php(1271): CodeIgniter\View\View->render('smp/detail_pend...', Array, true)
#3 C:\xampp\htdocs\ppdb_ursula_admin\app\Controllers\Siswa_smp.php(184): view('smp/detail_pend...', Array)
#4 C:\xampp\htdocs\ppdb_ursula_admin\vendor\codeigniter4\framework\system\CodeIgniter.php(928): App\Controllers\Siswa_smp->detail('calon-siswa-smp...')
#5 C:\xampp\htdocs\ppdb_ursula_admin\vendor\codeigniter4\framework\system\CodeIgniter.php(436): CodeIgniter\CodeIgniter->runController(Object(App\Controllers\Siswa_smp))
#6 C:\xampp\htdocs\ppdb_ursula_admin\vendor\codeigniter4\framework\system\CodeIgniter.php(336): CodeIgniter\CodeIgniter->handleRequest(NULL, Object(Config\Cache), false)
#7 C:\xampp\htdocs\ppdb_ursula_admin\public\index.php(37): CodeIgniter\CodeIgniter->run()
#8 C:\xampp\htdocs\ppdb_ursula_admin\vendor\codeigniter4\framework\system\Commands\Server\rewrite.php(45): require_once('C:\\xampp\\htdocs...')
#9 {main}
CRITICAL - 2021-09-13 18:56:12 --> Cannot use object of type stdClass as array
#0 C:\xampp\htdocs\ppdb_ursula_admin\vendor\codeigniter4\framework\system\View\View.php(230): include()
#1 C:\xampp\htdocs\ppdb_ursula_admin\vendor\codeigniter4\framework\system\View\View.php(232): CodeIgniter\View\View->CodeIgniter\View\{closure}()
#2 C:\xampp\htdocs\ppdb_ursula_admin\vendor\codeigniter4\framework\system\Common.php(1271): CodeIgniter\View\View->render('tbtk/ganti_pass...', Array, true)
#3 C:\xampp\htdocs\ppdb_ursula_admin\app\Controllers\Siswa_tbtk.php(117): view('tbtk/ganti_pass...', Array)
#4 C:\xampp\htdocs\ppdb_ursula_admin\vendor\codeigniter4\framework\system\CodeIgniter.php(928): App\Controllers\Siswa_tbtk->penggantian_password('silvester-rangg...')
#5 C:\xampp\htdocs\ppdb_ursula_admin\vendor\codeigniter4\framework\system\CodeIgniter.php(436): CodeIgniter\CodeIgniter->runController(Object(App\Controllers\Siswa_tbtk))
#6 C:\xampp\htdocs\ppdb_ursula_admin\vendor\codeigniter4\framework\system\CodeIgniter.php(336): CodeIgniter\CodeIgniter->handleRequest(NULL, Object(Config\Cache), false)
#7 C:\xampp\htdocs\ppdb_ursula_admin\public\index.php(37): CodeIgniter\CodeIgniter->run()
#8 C:\xampp\htdocs\ppdb_ursula_admin\vendor\codeigniter4\framework\system\Commands\Server\rewrite.php(45): require_once('C:\\xampp\\htdocs...')
#9 {main}
CRITICAL - 2021-09-13 19:06:30 --> Attempt to read property "kota_lahir" on array
#0 C:\xampp\htdocs\ppdb_ursula_admin\app\Views\tbtk\excel\excel_data_pendaftaran_tab1.php(63): CodeIgniter\Debug\Exceptions->errorHandler(2, 'Attempt to read...', 'C:\\xampp\\htdocs...', 63)
#1 C:\xampp\htdocs\ppdb_ursula_admin\vendor\codeigniter4\framework\system\View\View.php(230): include('C:\\xampp\\htdocs...')
#2 C:\xampp\htdocs\ppdb_ursula_admin\vendor\codeigniter4\framework\system\View\View.php(232): CodeIgniter\View\View->CodeIgniter\View\{closure}()
#3 C:\xampp\htdocs\ppdb_ursula_admin\vendor\codeigniter4\framework\system\Common.php(1271): CodeIgniter\View\View->render('tbtk/excel/exce...', Array, true)
#4 C:\xampp\htdocs\ppdb_ursula_admin\app\Controllers\Siswa_tbtk.php(49): view('tbtk/excel/exce...', Array)
#5 C:\xampp\htdocs\ppdb_ursula_admin\vendor\codeigniter4\framework\system\CodeIgniter.php(928): App\Controllers\Siswa_tbtk->excel_data_pendaftaran('1')
#6 C:\xampp\htdocs\ppdb_ursula_admin\vendor\codeigniter4\framework\system\CodeIgniter.php(436): CodeIgniter\CodeIgniter->runController(Object(App\Controllers\Siswa_tbtk))
#7 C:\xampp\htdocs\ppdb_ursula_admin\vendor\codeigniter4\framework\system\CodeIgniter.php(336): CodeIgniter\CodeIgniter->handleRequest(NULL, Object(Config\Cache), false)
#8 C:\xampp\htdocs\ppdb_ursula_admin\public\index.php(37): CodeIgniter\CodeIgniter->run()
#9 C:\xampp\htdocs\ppdb_ursula_admin\vendor\codeigniter4\framework\system\Commands\Server\rewrite.php(45): require_once('C:\\xampp\\htdocs...')
#10 {main}
CRITICAL - 2021-09-13 19:06:31 --> Attempt to read property "kota_lahir" on array
#0 C:\xampp\htdocs\ppdb_ursula_admin\app\Views\tbtk\excel\excel_data_pendaftaran_tab1.php(63): CodeIgniter\Debug\Exceptions->errorHandler(2, 'Attempt to read...', 'C:\\xampp\\htdocs...', 63)
#1 C:\xampp\htdocs\ppdb_ursula_admin\vendor\codeigniter4\framework\system\View\View.php(230): include('C:\\xampp\\htdocs...')
#2 C:\xampp\htdocs\ppdb_ursula_admin\vendor\codeigniter4\framework\system\View\View.php(232): CodeIgniter\View\View->CodeIgniter\View\{closure}()
#3 C:\xampp\htdocs\ppdb_ursula_admin\vendor\codeigniter4\framework\system\Common.php(1271): CodeIgniter\View\View->render('tbtk/excel/exce...', Array, true)
#4 C:\xampp\htdocs\ppdb_ursula_admin\app\Controllers\Siswa_tbtk.php(49): view('tbtk/excel/exce...', Array)
#5 C:\xampp\htdocs\ppdb_ursula_admin\vendor\codeigniter4\framework\system\CodeIgniter.php(928): App\Controllers\Siswa_tbtk->excel_data_pendaftaran('1')
#6 C:\xampp\htdocs\ppdb_ursula_admin\vendor\codeigniter4\framework\system\CodeIgniter.php(436): CodeIgniter\CodeIgniter->runController(Object(App\Controllers\Siswa_tbtk))
#7 C:\xampp\htdocs\ppdb_ursula_admin\vendor\codeigniter4\framework\system\CodeIgniter.php(336): CodeIgniter\CodeIgniter->handleRequest(NULL, Object(Config\Cache), false)
#8 C:\xampp\htdocs\ppdb_ursula_admin\public\index.php(37): CodeIgniter\CodeIgniter->run()
#9 C:\xampp\htdocs\ppdb_ursula_admin\vendor\codeigniter4\framework\system\Commands\Server\rewrite.php(45): require_once('C:\\xampp\\htdocs...')
#10 {main}
CRITICAL - 2021-09-13 20:21:19 --> Undefined property: stdClass::$nama_panggilan
#0 C:\xampp\htdocs\ppdb_ursula_admin\app\Views\tbtk\excel\excel_data_dapodik.php(94): CodeIgniter\Debug\Exceptions->errorHandler(2, 'Undefined prope...', 'C:\\xampp\\htdocs...', 94)
#1 C:\xampp\htdocs\ppdb_ursula_admin\vendor\codeigniter4\framework\system\View\View.php(230): include('C:\\xampp\\htdocs...')
#2 C:\xampp\htdocs\ppdb_ursula_admin\vendor\codeigniter4\framework\system\View\View.php(232): CodeIgniter\View\View->CodeIgniter\View\{closure}()
#3 C:\xampp\htdocs\ppdb_ursula_admin\vendor\codeigniter4\framework\system\Common.php(1271): CodeIgniter\View\View->render('tbtk/excel/exce...', Array, true)
#4 C:\xampp\htdocs\ppdb_ursula_admin\app\Controllers\Siswa_tbtk.php(309): view('tbtk/excel/exce...', Array)
#5 C:\xampp\htdocs\ppdb_ursula_admin\vendor\codeigniter4\framework\system\CodeIgniter.php(928): App\Controllers\Siswa_tbtk->excel_data_dapodik()
#6 C:\xampp\htdocs\ppdb_ursula_admin\vendor\codeigniter4\framework\system\CodeIgniter.php(436): CodeIgniter\CodeIgniter->runController(Object(App\Controllers\Siswa_tbtk))
#7 C:\xampp\htdocs\ppdb_ursula_admin\vendor\codeigniter4\framework\system\CodeIgniter.php(336): CodeIgniter\CodeIgniter->handleRequest(NULL, Object(Config\Cache), false)
#8 C:\xampp\htdocs\ppdb_ursula_admin\public\index.php(37): CodeIgniter\CodeIgniter->run()
#9 C:\xampp\htdocs\ppdb_ursula_admin\vendor\codeigniter4\framework\system\Commands\Server\rewrite.php(45): require_once('C:\\xampp\\htdocs...')
#10 {main}
CRITICAL - 2021-09-13 20:21:20 --> Undefined property: stdClass::$nama_panggilan
#0 C:\xampp\htdocs\ppdb_ursula_admin\app\Views\tbtk\excel\excel_data_dapodik.php(94): CodeIgniter\Debug\Exceptions->errorHandler(2, 'Undefined prope...', 'C:\\xampp\\htdocs...', 94)
#1 C:\xampp\htdocs\ppdb_ursula_admin\vendor\codeigniter4\framework\system\View\View.php(230): include('C:\\xampp\\htdocs...')
#2 C:\xampp\htdocs\ppdb_ursula_admin\vendor\codeigniter4\framework\system\View\View.php(232): CodeIgniter\View\View->CodeIgniter\View\{closure}()
#3 C:\xampp\htdocs\ppdb_ursula_admin\vendor\codeigniter4\framework\system\Common.php(1271): CodeIgniter\View\View->render('tbtk/excel/exce...', Array, true)
#4 C:\xampp\htdocs\ppdb_ursula_admin\app\Controllers\Siswa_tbtk.php(309): view('tbtk/excel/exce...', Array)
#5 C:\xampp\htdocs\ppdb_ursula_admin\vendor\codeigniter4\framework\system\CodeIgniter.php(928): App\Controllers\Siswa_tbtk->excel_data_dapodik()
#6 C:\xampp\htdocs\ppdb_ursula_admin\vendor\codeigniter4\framework\system\CodeIgniter.php(436): CodeIgniter\CodeIgniter->runController(Object(App\Controllers\Siswa_tbtk))
#7 C:\xampp\htdocs\ppdb_ursula_admin\vendor\codeigniter4\framework\system\CodeIgniter.php(336): CodeIgniter\CodeIgniter->handleRequest(NULL, Object(Config\Cache), false)
#8 C:\xampp\htdocs\ppdb_ursula_admin\public\index.php(37): CodeIgniter\CodeIgniter->run()
#9 C:\xampp\htdocs\ppdb_ursula_admin\vendor\codeigniter4\framework\system\Commands\Server\rewrite.php(45): require_once('C:\\xampp\\htdocs...')
#10 {main}
CRITICAL - 2021-09-13 20:21:25 --> Undefined property: stdClass::$nama_panggilan
#0 C:\xampp\htdocs\ppdb_ursula_admin\app\Views\tbtk\excel\excel_data_dapodik.php(94): CodeIgniter\Debug\Exceptions->errorHandler(2, 'Undefined prope...', 'C:\\xampp\\htdocs...', 94)
#1 C:\xampp\htdocs\ppdb_ursula_admin\vendor\codeigniter4\framework\system\View\View.php(230): include('C:\\xampp\\htdocs...')
#2 C:\xampp\htdocs\ppdb_ursula_admin\vendor\codeigniter4\framework\system\View\View.php(232): CodeIgniter\View\View->CodeIgniter\View\{closure}()
#3 C:\xampp\htdocs\ppdb_ursula_admin\vendor\codeigniter4\framework\system\Common.php(1271): CodeIgniter\View\View->render('tbtk/excel/exce...', Array, true)
#4 C:\xampp\htdocs\ppdb_ursula_admin\app\Controllers\Siswa_tbtk.php(309): view('tbtk/excel/exce...', Array)
#5 C:\xampp\htdocs\ppdb_ursula_admin\vendor\codeigniter4\framework\system\CodeIgniter.php(928): App\Controllers\Siswa_tbtk->excel_data_dapodik()
#6 C:\xampp\htdocs\ppdb_ursula_admin\vendor\codeigniter4\framework\system\CodeIgniter.php(436): CodeIgniter\CodeIgniter->runController(Object(App\Controllers\Siswa_tbtk))
#7 C:\xampp\htdocs\ppdb_ursula_admin\vendor\codeigniter4\framework\system\CodeIgniter.php(336): CodeIgniter\CodeIgniter->handleRequest(NULL, Object(Config\Cache), false)
#8 C:\xampp\htdocs\ppdb_ursula_admin\public\index.php(37): CodeIgniter\CodeIgniter->run()
#9 C:\xampp\htdocs\ppdb_ursula_admin\vendor\codeigniter4\framework\system\Commands\Server\rewrite.php(45): require_once('C:\\xampp\\htdocs...')
#10 {main}
CRITICAL - 2021-09-13 20:21:26 --> Undefined property: stdClass::$nama_panggilan
#0 C:\xampp\htdocs\ppdb_ursula_admin\app\Views\tbtk\excel\excel_data_dapodik.php(94): CodeIgniter\Debug\Exceptions->errorHandler(2, 'Undefined prope...', 'C:\\xampp\\htdocs...', 94)
#1 C:\xampp\htdocs\ppdb_ursula_admin\vendor\codeigniter4\framework\system\View\View.php(230): include('C:\\xampp\\htdocs...')
#2 C:\xampp\htdocs\ppdb_ursula_admin\vendor\codeigniter4\framework\system\View\View.php(232): CodeIgniter\View\View->CodeIgniter\View\{closure}()
#3 C:\xampp\htdocs\ppdb_ursula_admin\vendor\codeigniter4\framework\system\Common.php(1271): CodeIgniter\View\View->render('tbtk/excel/exce...', Array, true)
#4 C:\xampp\htdocs\ppdb_ursula_admin\app\Controllers\Siswa_tbtk.php(309): view('tbtk/excel/exce...', Array)
#5 C:\xampp\htdocs\ppdb_ursula_admin\vendor\codeigniter4\framework\system\CodeIgniter.php(928): App\Controllers\Siswa_tbtk->excel_data_dapodik()
#6 C:\xampp\htdocs\ppdb_ursula_admin\vendor\codeigniter4\framework\system\CodeIgniter.php(436): CodeIgniter\CodeIgniter->runController(Object(App\Controllers\Siswa_tbtk))
#7 C:\xampp\htdocs\ppdb_ursula_admin\vendor\codeigniter4\framework\system\CodeIgniter.php(336): CodeIgniter\CodeIgniter->handleRequest(NULL, Object(Config\Cache), false)
#8 C:\xampp\htdocs\ppdb_ursula_admin\public\index.php(37): CodeIgniter\CodeIgniter->run()
#9 C:\xampp\htdocs\ppdb_ursula_admin\vendor\codeigniter4\framework\system\Commands\Server\rewrite.php(45): require_once('C:\\xampp\\htdocs...')
#10 {main}
CRITICAL - 2021-09-13 20:21:31 --> Undefined property: stdClass::$nama_panggilan
#0 C:\xampp\htdocs\ppdb_ursula_admin\app\Views\tbtk\excel\excel_data_dapodik.php(94): CodeIgniter\Debug\Exceptions->errorHandler(2, 'Undefined prope...', 'C:\\xampp\\htdocs...', 94)
#1 C:\xampp\htdocs\ppdb_ursula_admin\vendor\codeigniter4\framework\system\View\View.php(230): include('C:\\xampp\\htdocs...')
#2 C:\xampp\htdocs\ppdb_ursula_admin\vendor\codeigniter4\framework\system\View\View.php(232): CodeIgniter\View\View->CodeIgniter\View\{closure}()
#3 C:\xampp\htdocs\ppdb_ursula_admin\vendor\codeigniter4\framework\system\Common.php(1271): CodeIgniter\View\View->render('tbtk/excel/exce...', Array, true)
#4 C:\xampp\htdocs\ppdb_ursula_admin\app\Controllers\Siswa_tbtk.php(309): view('tbtk/excel/exce...', Array)
#5 C:\xampp\htdocs\ppdb_ursula_admin\vendor\codeigniter4\framework\system\CodeIgniter.php(928): App\Controllers\Siswa_tbtk->excel_data_dapodik()
#6 C:\xampp\htdocs\ppdb_ursula_admin\vendor\codeigniter4\framework\system\CodeIgniter.php(436): CodeIgniter\CodeIgniter->runController(Object(App\Controllers\Siswa_tbtk))
#7 C:\xampp\htdocs\ppdb_ursula_admin\vendor\codeigniter4\framework\system\CodeIgniter.php(336): CodeIgniter\CodeIgniter->handleRequest(NULL, Object(Config\Cache), false)
#8 C:\xampp\htdocs\ppdb_ursula_admin\public\index.php(37): CodeIgniter\CodeIgniter->run()
#9 C:\xampp\htdocs\ppdb_ursula_admin\vendor\codeigniter4\framework\system\Commands\Server\rewrite.php(45): require_once('C:\\xampp\\htdocs...')
#10 {main}
CRITICAL - 2021-09-13 20:22:01 --> Undefined property: stdClass::$nama_panggilan
#0 C:\xampp\htdocs\ppdb_ursula_admin\app\Views\tbtk\excel\excel_data_dapodik.php(94): CodeIgniter\Debug\Exceptions->errorHandler(2, 'Undefined prope...', 'C:\\xampp\\htdocs...', 94)
#1 C:\xampp\htdocs\ppdb_ursula_admin\vendor\codeigniter4\framework\system\View\View.php(230): include('C:\\xampp\\htdocs...')
#2 C:\xampp\htdocs\ppdb_ursula_admin\vendor\codeigniter4\framework\system\View\View.php(232): CodeIgniter\View\View->CodeIgniter\View\{closure}()
#3 C:\xampp\htdocs\ppdb_ursula_admin\vendor\codeigniter4\framework\system\Common.php(1271): CodeIgniter\View\View->render('tbtk/excel/exce...', Array, true)
#4 C:\xampp\htdocs\ppdb_ursula_admin\app\Controllers\Siswa_tbtk.php(309): view('tbtk/excel/exce...', Array)
#5 C:\xampp\htdocs\ppdb_ursula_admin\vendor\codeigniter4\framework\system\CodeIgniter.php(928): App\Controllers\Siswa_tbtk->excel_data_dapodik()
#6 C:\xampp\htdocs\ppdb_ursula_admin\vendor\codeigniter4\framework\system\CodeIgniter.php(436): CodeIgniter\CodeIgniter->runController(Object(App\Controllers\Siswa_tbtk))
#7 C:\xampp\htdocs\ppdb_ursula_admin\vendor\codeigniter4\framework\system\CodeIgniter.php(336): CodeIgniter\CodeIgniter->handleRequest(NULL, Object(Config\Cache), false)
#8 C:\xampp\htdocs\ppdb_ursula_admin\public\index.php(37): CodeIgniter\CodeIgniter->run()
#9 C:\xampp\htdocs\ppdb_ursula_admin\vendor\codeigniter4\framework\system\Commands\Server\rewrite.php(45): require_once('C:\\xampp\\htdocs...')
#10 {main}
CRITICAL - 2021-09-13 20:23:01 --> Undefined property: stdClass::$nama_panggilan
#0 C:\xampp\htdocs\ppdb_ursula_admin\app\Views\tbtk\excel\excel_data_dapodik.php(94): CodeIgniter\Debug\Exceptions->errorHandler(2, 'Undefined prope...', 'C:\\xampp\\htdocs...', 94)
#1 C:\xampp\htdocs\ppdb_ursula_admin\vendor\codeigniter4\framework\system\View\View.php(230): include('C:\\xampp\\htdocs...')
#2 C:\xampp\htdocs\ppdb_ursula_admin\vendor\codeigniter4\framework\system\View\View.php(232): CodeIgniter\View\View->CodeIgniter\View\{closure}()
#3 C:\xampp\htdocs\ppdb_ursula_admin\vendor\codeigniter4\framework\system\Common.php(1271): CodeIgniter\View\View->render('tbtk/excel/exce...', Array, true)
#4 C:\xampp\htdocs\ppdb_ursula_admin\app\Controllers\Siswa_tbtk.php(309): view('tbtk/excel/exce...', Array)
#5 C:\xampp\htdocs\ppdb_ursula_admin\vendor\codeigniter4\framework\system\CodeIgniter.php(928): App\Controllers\Siswa_tbtk->excel_data_dapodik()
#6 C:\xampp\htdocs\ppdb_ursula_admin\vendor\codeigniter4\framework\system\CodeIgniter.php(436): CodeIgniter\CodeIgniter->runController(Object(App\Controllers\Siswa_tbtk))
#7 C:\xampp\htdocs\ppdb_ursula_admin\vendor\codeigniter4\framework\system\CodeIgniter.php(336): CodeIgniter\CodeIgniter->handleRequest(NULL, Object(Config\Cache), false)
#8 C:\xampp\htdocs\ppdb_ursula_admin\public\index.php(37): CodeIgniter\CodeIgniter->run()
#9 C:\xampp\htdocs\ppdb_ursula_admin\vendor\codeigniter4\framework\system\Commands\Server\rewrite.php(45): require_once('C:\\xampp\\htdocs...')
#10 {main}
CRITICAL - 2021-09-13 20:28:01 --> Undefined property: stdClass::$nama_panggilan
#0 C:\xampp\htdocs\ppdb_ursula_admin\app\Views\tbtk\excel\excel_data_dapodik.php(94): CodeIgniter\Debug\Exceptions->errorHandler(2, 'Undefined prope...', 'C:\\xampp\\htdocs...', 94)
#1 C:\xampp\htdocs\ppdb_ursula_admin\vendor\codeigniter4\framework\system\View\View.php(230): include('C:\\xampp\\htdocs...')
#2 C:\xampp\htdocs\ppdb_ursula_admin\vendor\codeigniter4\framework\system\View\View.php(232): CodeIgniter\View\View->CodeIgniter\View\{closure}()
#3 C:\xampp\htdocs\ppdb_ursula_admin\vendor\codeigniter4\framework\system\Common.php(1271): CodeIgniter\View\View->render('tbtk/excel/exce...', Array, true)
#4 C:\xampp\htdocs\ppdb_ursula_admin\app\Controllers\Siswa_tbtk.php(309): view('tbtk/excel/exce...', Array)
#5 C:\xampp\htdocs\ppdb_ursula_admin\vendor\codeigniter4\framework\system\CodeIgniter.php(928): App\Controllers\Siswa_tbtk->excel_data_dapodik()
#6 C:\xampp\htdocs\ppdb_ursula_admin\vendor\codeigniter4\framework\system\CodeIgniter.php(436): CodeIgniter\CodeIgniter->runController(Object(App\Controllers\Siswa_tbtk))
#7 C:\xampp\htdocs\ppdb_ursula_admin\vendor\codeigniter4\framework\system\CodeIgniter.php(336): CodeIgniter\CodeIgniter->handleRequest(NULL, Object(Config\Cache), false)
#8 C:\xampp\htdocs\ppdb_ursula_admin\public\index.php(37): CodeIgniter\CodeIgniter->run()
#9 C:\xampp\htdocs\ppdb_ursula_admin\vendor\codeigniter4\framework\system\Commands\Server\rewrite.php(45): require_once('C:\\xampp\\htdocs...')
#10 {main}
CRITICAL - 2021-09-13 20:38:01 --> Undefined property: stdClass::$nama_panggilan
#0 C:\xampp\htdocs\ppdb_ursula_admin\app\Views\tbtk\excel\excel_data_dapodik.php(94): CodeIgniter\Debug\Exceptions->errorHandler(2, 'Undefined prope...', 'C:\\xampp\\htdocs...', 94)
#1 C:\xampp\htdocs\ppdb_ursula_admin\vendor\codeigniter4\framework\system\View\View.php(230): include('C:\\xampp\\htdocs...')
#2 C:\xampp\htdocs\ppdb_ursula_admin\vendor\codeigniter4\framework\system\View\View.php(232): CodeIgniter\View\View->CodeIgniter\View\{closure}()
#3 C:\xampp\htdocs\ppdb_ursula_admin\vendor\codeigniter4\framework\system\Common.php(1271): CodeIgniter\View\View->render('tbtk/excel/exce...', Array, true)
#4 C:\xampp\htdocs\ppdb_ursula_admin\app\Controllers\Siswa_tbtk.php(309): view('tbtk/excel/exce...', Array)
#5 C:\xampp\htdocs\ppdb_ursula_admin\vendor\codeigniter4\framework\system\CodeIgniter.php(928): App\Controllers\Siswa_tbtk->excel_data_dapodik()
#6 C:\xampp\htdocs\ppdb_ursula_admin\vendor\codeigniter4\framework\system\CodeIgniter.php(436): CodeIgniter\CodeIgniter->runController(Object(App\Controllers\Siswa_tbtk))
#7 C:\xampp\htdocs\ppdb_ursula_admin\vendor\codeigniter4\framework\system\CodeIgniter.php(336): CodeIgniter\CodeIgniter->handleRequest(NULL, Object(Config\Cache), false)
#8 C:\xampp\htdocs\ppdb_ursula_admin\public\index.php(37): CodeIgniter\CodeIgniter->run()
#9 C:\xampp\htdocs\ppdb_ursula_admin\vendor\codeigniter4\framework\system\Commands\Server\rewrite.php(45): require_once('C:\\xampp\\htdocs...')
#10 {main}
CRITICAL - 2021-09-13 20:45:57 --> Undefined property: stdClass::$no_registrasi
#0 C:\xampp\htdocs\ppdb_ursula_admin\app\Views\tbtk\excel\excel_data_dapodik.php(92): CodeIgniter\Debug\Exceptions->errorHandler(2, 'Undefined prope...', 'C:\\xampp\\htdocs...', 92)
#1 C:\xampp\htdocs\ppdb_ursula_admin\vendor\codeigniter4\framework\system\View\View.php(230): include('C:\\xampp\\htdocs...')
#2 C:\xampp\htdocs\ppdb_ursula_admin\vendor\codeigniter4\framework\system\View\View.php(232): CodeIgniter\View\View->CodeIgniter\View\{closure}()
#3 C:\xampp\htdocs\ppdb_ursula_admin\vendor\codeigniter4\framework\system\Common.php(1271): CodeIgniter\View\View->render('tbtk/excel/exce...', Array, true)
#4 C:\xampp\htdocs\ppdb_ursula_admin\app\Controllers\Siswa_tbtk.php(309): view('tbtk/excel/exce...', Array)
#5 C:\xampp\htdocs\ppdb_ursula_admin\vendor\codeigniter4\framework\system\CodeIgniter.php(928): App\Controllers\Siswa_tbtk->excel_data_dapodik()
#6 C:\xampp\htdocs\ppdb_ursula_admin\vendor\codeigniter4\framework\system\CodeIgniter.php(436): CodeIgniter\CodeIgniter->runController(Object(App\Controllers\Siswa_tbtk))
#7 C:\xampp\htdocs\ppdb_ursula_admin\vendor\codeigniter4\framework\system\CodeIgniter.php(336): CodeIgniter\CodeIgniter->handleRequest(NULL, Object(Config\Cache), false)
#8 C:\xampp\htdocs\ppdb_ursula_admin\public\index.php(37): CodeIgniter\CodeIgniter->run()
#9 C:\xampp\htdocs\ppdb_ursula_admin\vendor\codeigniter4\framework\system\Commands\Server\rewrite.php(45): require_once('C:\\xampp\\htdocs...')
#10 {main}
CRITICAL - 2021-09-13 20:45:58 --> Undefined property: stdClass::$no_registrasi
#0 C:\xampp\htdocs\ppdb_ursula_admin\app\Views\tbtk\excel\excel_data_dapodik.php(92): CodeIgniter\Debug\Exceptions->errorHandler(2, 'Undefined prope...', 'C:\\xampp\\htdocs...', 92)
#1 C:\xampp\htdocs\ppdb_ursula_admin\vendor\codeigniter4\framework\system\View\View.php(230): include('C:\\xampp\\htdocs...')
#2 C:\xampp\htdocs\ppdb_ursula_admin\vendor\codeigniter4\framework\system\View\View.php(232): CodeIgniter\View\View->CodeIgniter\View\{closure}()
#3 C:\xampp\htdocs\ppdb_ursula_admin\vendor\codeigniter4\framework\system\Common.php(1271): CodeIgniter\View\View->render('tbtk/excel/exce...', Array, true)
#4 C:\xampp\htdocs\ppdb_ursula_admin\app\Controllers\Siswa_tbtk.php(309): view('tbtk/excel/exce...', Array)
#5 C:\xampp\htdocs\ppdb_ursula_admin\vendor\codeigniter4\framework\system\CodeIgniter.php(928): App\Controllers\Siswa_tbtk->excel_data_dapodik()
#6 C:\xampp\htdocs\ppdb_ursula_admin\vendor\codeigniter4\framework\system\CodeIgniter.php(436): CodeIgniter\CodeIgniter->runController(Object(App\Controllers\Siswa_tbtk))
#7 C:\xampp\htdocs\ppdb_ursula_admin\vendor\codeigniter4\framework\system\CodeIgniter.php(336): CodeIgniter\CodeIgniter->handleRequest(NULL, Object(Config\Cache), false)
#8 C:\xampp\htdocs\ppdb_ursula_admin\public\index.php(37): CodeIgniter\CodeIgniter->run()
#9 C:\xampp\htdocs\ppdb_ursula_admin\vendor\codeigniter4\framework\system\Commands\Server\rewrite.php(45): require_once('C:\\xampp\\htdocs...')
#10 {main}
CRITICAL - 2021-09-13 20:46:17 --> Undefined property: stdClass::$no_registrasi
#0 C:\xampp\htdocs\ppdb_ursula_admin\app\Views\tbtk\excel\excel_data_dapodik.php(92): CodeIgniter\Debug\Exceptions->errorHandler(2, 'Undefined prope...', 'C:\\xampp\\htdocs...', 92)
#1 C:\xampp\htdocs\ppdb_ursula_admin\vendor\codeigniter4\framework\system\View\View.php(230): include('C:\\xampp\\htdocs...')
#2 C:\xampp\htdocs\ppdb_ursula_admin\vendor\codeigniter4\framework\system\View\View.php(232): CodeIgniter\View\View->CodeIgniter\View\{closure}()
#3 C:\xampp\htdocs\ppdb_ursula_admin\vendor\codeigniter4\framework\system\Common.php(1271): CodeIgniter\View\View->render('tbtk/excel/exce...', Array, true)
#4 C:\xampp\htdocs\ppdb_ursula_admin\app\Controllers\Siswa_tbtk.php(309): view('tbtk/excel/exce...', Array)
#5 C:\xampp\htdocs\ppdb_ursula_admin\vendor\codeigniter4\framework\system\CodeIgniter.php(928): App\Controllers\Siswa_tbtk->excel_data_dapodik()
#6 C:\xampp\htdocs\ppdb_ursula_admin\vendor\codeigniter4\framework\system\CodeIgniter.php(436): CodeIgniter\CodeIgniter->runController(Object(App\Controllers\Siswa_tbtk))
#7 C:\xampp\htdocs\ppdb_ursula_admin\vendor\codeigniter4\framework\system\CodeIgniter.php(336): CodeIgniter\CodeIgniter->handleRequest(NULL, Object(Config\Cache), false)
#8 C:\xampp\htdocs\ppdb_ursula_admin\public\index.php(37): CodeIgniter\CodeIgniter->run()
#9 C:\xampp\htdocs\ppdb_ursula_admin\vendor\codeigniter4\framework\system\Commands\Server\rewrite.php(45): require_once('C:\\xampp\\htdocs...')
#10 {main}
CRITICAL - 2021-09-13 20:46:18 --> Undefined property: stdClass::$no_registrasi
#0 C:\xampp\htdocs\ppdb_ursula_admin\app\Views\tbtk\excel\excel_data_dapodik.php(92): CodeIgniter\Debug\Exceptions->errorHandler(2, 'Undefined prope...', 'C:\\xampp\\htdocs...', 92)
#1 C:\xampp\htdocs\ppdb_ursula_admin\vendor\codeigniter4\framework\system\View\View.php(230): include('C:\\xampp\\htdocs...')
#2 C:\xampp\htdocs\ppdb_ursula_admin\vendor\codeigniter4\framework\system\View\View.php(232): CodeIgniter\View\View->CodeIgniter\View\{closure}()
#3 C:\xampp\htdocs\ppdb_ursula_admin\vendor\codeigniter4\framework\system\Common.php(1271): CodeIgniter\View\View->render('tbtk/excel/exce...', Array, true)
#4 C:\xampp\htdocs\ppdb_ursula_admin\app\Controllers\Siswa_tbtk.php(309): view('tbtk/excel/exce...', Array)
#5 C:\xampp\htdocs\ppdb_ursula_admin\vendor\codeigniter4\framework\system\CodeIgniter.php(928): App\Controllers\Siswa_tbtk->excel_data_dapodik()
#6 C:\xampp\htdocs\ppdb_ursula_admin\vendor\codeigniter4\framework\system\CodeIgniter.php(436): CodeIgniter\CodeIgniter->runController(Object(App\Controllers\Siswa_tbtk))
#7 C:\xampp\htdocs\ppdb_ursula_admin\vendor\codeigniter4\framework\system\CodeIgniter.php(336): CodeIgniter\CodeIgniter->handleRequest(NULL, Object(Config\Cache), false)
#8 C:\xampp\htdocs\ppdb_ursula_admin\public\index.php(37): CodeIgniter\CodeIgniter->run()
#9 C:\xampp\htdocs\ppdb_ursula_admin\vendor\codeigniter4\framework\system\Commands\Server\rewrite.php(45): require_once('C:\\xampp\\htdocs...')
#10 {main}
CRITICAL - 2021-09-13 20:47:53 --> Undefined property: mysqli::$no_registrasi
#0 C:\xampp\htdocs\ppdb_ursula_admin\app\Views\tbtk\excel\excel_data_dapodik.php(92): CodeIgniter\Debug\Exceptions->errorHandler(2, 'Undefined prope...', 'C:\\xampp\\htdocs...', 92)
#1 C:\xampp\htdocs\ppdb_ursula_admin\vendor\codeigniter4\framework\system\View\View.php(230): include('C:\\xampp\\htdocs...')
#2 C:\xampp\htdocs\ppdb_ursula_admin\vendor\codeigniter4\framework\system\View\View.php(232): CodeIgniter\View\View->CodeIgniter\View\{closure}()
#3 C:\xampp\htdocs\ppdb_ursula_admin\vendor\codeigniter4\framework\system\Common.php(1271): CodeIgniter\View\View->render('tbtk/excel/exce...', Array, true)
#4 C:\xampp\htdocs\ppdb_ursula_admin\app\Controllers\Siswa_tbtk.php(309): view('tbtk/excel/exce...', Array)
#5 C:\xampp\htdocs\ppdb_ursula_admin\vendor\codeigniter4\framework\system\CodeIgniter.php(928): App\Controllers\Siswa_tbtk->excel_data_dapodik()
#6 C:\xampp\htdocs\ppdb_ursula_admin\vendor\codeigniter4\framework\system\CodeIgniter.php(436): CodeIgniter\CodeIgniter->runController(Object(App\Controllers\Siswa_tbtk))
#7 C:\xampp\htdocs\ppdb_ursula_admin\vendor\codeigniter4\framework\system\CodeIgniter.php(336): CodeIgniter\CodeIgniter->handleRequest(NULL, Object(Config\Cache), false)
#8 C:\xampp\htdocs\ppdb_ursula_admin\public\index.php(37): CodeIgniter\CodeIgniter->run()
#9 C:\xampp\htdocs\ppdb_ursula_admin\vendor\codeigniter4\framework\system\Commands\Server\rewrite.php(45): require_once('C:\\xampp\\htdocs...')
#10 {main}
CRITICAL - 2021-09-13 20:47:54 --> Undefined property: mysqli::$no_registrasi
#0 C:\xampp\htdocs\ppdb_ursula_admin\app\Views\tbtk\excel\excel_data_dapodik.php(92): CodeIgniter\Debug\Exceptions->errorHandler(2, 'Undefined prope...', 'C:\\xampp\\htdocs...', 92)
#1 C:\xampp\htdocs\ppdb_ursula_admin\vendor\codeigniter4\framework\system\View\View.php(230): include('C:\\xampp\\htdocs...')
#2 C:\xampp\htdocs\ppdb_ursula_admin\vendor\codeigniter4\framework\system\View\View.php(232): CodeIgniter\View\View->CodeIgniter\View\{closure}()
#3 C:\xampp\htdocs\ppdb_ursula_admin\vendor\codeigniter4\framework\system\Common.php(1271): CodeIgniter\View\View->render('tbtk/excel/exce...', Array, true)
#4 C:\xampp\htdocs\ppdb_ursula_admin\app\Controllers\Siswa_tbtk.php(309): view('tbtk/excel/exce...', Array)
#5 C:\xampp\htdocs\ppdb_ursula_admin\vendor\codeigniter4\framework\system\CodeIgniter.php(928): App\Controllers\Siswa_tbtk->excel_data_dapodik()
#6 C:\xampp\htdocs\ppdb_ursula_admin\vendor\codeigniter4\framework\system\CodeIgniter.php(436): CodeIgniter\CodeIgniter->runController(Object(App\Controllers\Siswa_tbtk))
#7 C:\xampp\htdocs\ppdb_ursula_admin\vendor\codeigniter4\framework\system\CodeIgniter.php(336): CodeIgniter\CodeIgniter->handleRequest(NULL, Object(Config\Cache), false)
#8 C:\xampp\htdocs\ppdb_ursula_admin\public\index.php(37): CodeIgniter\CodeIgniter->run()
#9 C:\xampp\htdocs\ppdb_ursula_admin\vendor\codeigniter4\framework\system\Commands\Server\rewrite.php(45): require_once('C:\\xampp\\htdocs...')
#10 {main}
