CRITICAL - 2021-09-01 19:33:46 --> Cannot use object of type stdClass as array
#0 C:\xampp\htdocs\admin_ppdb\vendor\codeigniter4\framework\system\View\View.php(230): include()
#1 C:\xampp\htdocs\admin_ppdb\vendor\codeigniter4\framework\system\View\View.php(232): CodeIgniter\View\View->CodeIgniter\View\{closure}()
#2 C:\xampp\htdocs\admin_ppdb\vendor\codeigniter4\framework\system\Common.php(1271): CodeIgniter\View\View->render('detail/tbtk', Array, true)
#3 C:\xampp\htdocs\admin_ppdb\app\Controllers\Siswa_tbtk.php(43): view('detail/tbtk', Array)
#4 C:\xampp\htdocs\admin_ppdb\vendor\codeigniter4\framework\system\CodeIgniter.php(928): App\Controllers\Siswa_tbtk->detail('silvester-rangg...')
#5 C:\xampp\htdocs\admin_ppdb\vendor\codeigniter4\framework\system\CodeIgniter.php(436): CodeIgniter\CodeIgniter->runController(Object(App\Controllers\Siswa_tbtk))
#6 C:\xampp\htdocs\admin_ppdb\vendor\codeigniter4\framework\system\CodeIgniter.php(336): CodeIgniter\CodeIgniter->handleRequest(NULL, Object(Config\Cache), false)
#7 C:\xampp\htdocs\admin_ppdb\public\index.php(37): CodeIgniter\CodeIgniter->run()
#8 C:\xampp\htdocs\admin_ppdb\vendor\codeigniter4\framework\system\Commands\Server\rewrite.php(45): require_once('C:\\xampp\\htdocs...')
#9 {main}
CRITICAL - 2021-09-01 19:33:53 --> Cannot use object of type stdClass as array
#0 C:\xampp\htdocs\admin_ppdb\vendor\codeigniter4\framework\system\View\View.php(230): include()
#1 C:\xampp\htdocs\admin_ppdb\vendor\codeigniter4\framework\system\View\View.php(232): CodeIgniter\View\View->CodeIgniter\View\{closure}()
#2 C:\xampp\htdocs\admin_ppdb\vendor\codeigniter4\framework\system\Common.php(1271): CodeIgniter\View\View->render('detail/tbtk', Array, true)
#3 C:\xampp\htdocs\admin_ppdb\app\Controllers\Siswa_tbtk.php(43): view('detail/tbtk', Array)
#4 C:\xampp\htdocs\admin_ppdb\vendor\codeigniter4\framework\system\CodeIgniter.php(928): App\Controllers\Siswa_tbtk->detail('silvester-rangg...')
#5 C:\xampp\htdocs\admin_ppdb\vendor\codeigniter4\framework\system\CodeIgniter.php(436): CodeIgniter\CodeIgniter->runController(Object(App\Controllers\Siswa_tbtk))
#6 C:\xampp\htdocs\admin_ppdb\vendor\codeigniter4\framework\system\CodeIgniter.php(336): CodeIgniter\CodeIgniter->handleRequest(NULL, Object(Config\Cache), false)
#7 C:\xampp\htdocs\admin_ppdb\public\index.php(37): CodeIgniter\CodeIgniter->run()
#8 C:\xampp\htdocs\admin_ppdb\vendor\codeigniter4\framework\system\Commands\Server\rewrite.php(45): require_once('C:\\xampp\\htdocs...')
#9 {main}
CRITICAL - 2021-09-01 19:34:20 --> Cannot use object of type stdClass as array
#0 C:\xampp\htdocs\admin_ppdb\vendor\codeigniter4\framework\system\View\View.php(230): include()
#1 C:\xampp\htdocs\admin_ppdb\vendor\codeigniter4\framework\system\View\View.php(232): CodeIgniter\View\View->CodeIgniter\View\{closure}()
#2 C:\xampp\htdocs\admin_ppdb\vendor\codeigniter4\framework\system\Common.php(1271): CodeIgniter\View\View->render('detail/tbtk', Array, true)
#3 C:\xampp\htdocs\admin_ppdb\app\Controllers\Siswa_tbtk.php(43): view('detail/tbtk', Array)
#4 C:\xampp\htdocs\admin_ppdb\vendor\codeigniter4\framework\system\CodeIgniter.php(928): App\Controllers\Siswa_tbtk->detail('silvester-rangg...')
#5 C:\xampp\htdocs\admin_ppdb\vendor\codeigniter4\framework\system\CodeIgniter.php(436): CodeIgniter\CodeIgniter->runController(Object(App\Controllers\Siswa_tbtk))
#6 C:\xampp\htdocs\admin_ppdb\vendor\codeigniter4\framework\system\CodeIgniter.php(336): CodeIgniter\CodeIgniter->handleRequest(NULL, Object(Config\Cache), false)
#7 C:\xampp\htdocs\admin_ppdb\public\index.php(37): CodeIgniter\CodeIgniter->run()
#8 C:\xampp\htdocs\admin_ppdb\vendor\codeigniter4\framework\system\Commands\Server\rewrite.php(45): require_once('C:\\xampp\\htdocs...')
#9 {main}
