CRITICAL - 2021-08-14 01:50:52 --> Invalid file: siswa/detail.php
#0 C:\xampp\htdocs\ppdb_admin\vendor\codeigniter4\framework\system\View\View.php(213): CodeIgniter\Exceptions\FrameworkException::forInvalidFile('siswa/detail.ph...')
#1 C:\xampp\htdocs\ppdb_admin\vendor\codeigniter4\framework\system\Common.php(1271): CodeIgniter\View\View->render('siswa/detail', Array, true)
#2 C:\xampp\htdocs\ppdb_admin\app\Controllers\Siswa_tbtk.php(38): view('siswa/detail', Array)
#3 C:\xampp\htdocs\ppdb_admin\vendor\codeigniter4\framework\system\CodeIgniter.php(928): App\Controllers\Siswa_tbtk->detail('silvester-rangg...')
#4 C:\xampp\htdocs\ppdb_admin\vendor\codeigniter4\framework\system\CodeIgniter.php(436): CodeIgniter\CodeIgniter->runController(Object(App\Controllers\Siswa_tbtk))
#5 C:\xampp\htdocs\ppdb_admin\vendor\codeigniter4\framework\system\CodeIgniter.php(336): CodeIgniter\CodeIgniter->handleRequest(NULL, Object(Config\Cache), false)
#6 C:\xampp\htdocs\ppdb_admin\public\index.php(37): CodeIgniter\CodeIgniter->run()
#7 C:\xampp\htdocs\ppdb_admin\vendor\codeigniter4\framework\system\Commands\Server\rewrite.php(45): require_once('C:\\xampp\\htdocs...')
#8 {main}
CRITICAL - 2021-08-14 02:04:06 --> Undefined variable $siswa_tbtk
#0 C:\xampp\htdocs\ppdb_admin\app\Views\siswa\detail.php(60): CodeIgniter\Debug\Exceptions->errorHandler(2, 'Undefined varia...', 'C:\\xampp\\htdocs...', 60)
#1 C:\xampp\htdocs\ppdb_admin\vendor\codeigniter4\framework\system\View\View.php(230): include('C:\\xampp\\htdocs...')
#2 C:\xampp\htdocs\ppdb_admin\vendor\codeigniter4\framework\system\View\View.php(232): CodeIgniter\View\View->CodeIgniter\View\{closure}()
#3 C:\xampp\htdocs\ppdb_admin\vendor\codeigniter4\framework\system\Common.php(1271): CodeIgniter\View\View->render('siswa/detail', Array, true)
#4 C:\xampp\htdocs\ppdb_admin\app\Controllers\Siswa_tbtk.php(38): view('siswa/detail', Array)
#5 C:\xampp\htdocs\ppdb_admin\vendor\codeigniter4\framework\system\CodeIgniter.php(928): App\Controllers\Siswa_tbtk->detail('silvester-rangg...')
#6 C:\xampp\htdocs\ppdb_admin\vendor\codeigniter4\framework\system\CodeIgniter.php(436): CodeIgniter\CodeIgniter->runController(Object(App\Controllers\Siswa_tbtk))
#7 C:\xampp\htdocs\ppdb_admin\vendor\codeigniter4\framework\system\CodeIgniter.php(336): CodeIgniter\CodeIgniter->handleRequest(NULL, Object(Config\Cache), false)
#8 C:\xampp\htdocs\ppdb_admin\public\index.php(37): CodeIgniter\CodeIgniter->run()
#9 C:\xampp\htdocs\ppdb_admin\vendor\codeigniter4\framework\system\Commands\Server\rewrite.php(45): require_once('C:\\xampp\\htdocs...')
#10 {main}
CRITICAL - 2021-08-14 02:13:15 --> Undefined variable $siswa_tbtk
#0 C:\xampp\htdocs\ppdb_admin\app\Views\siswa\detail.php(126): CodeIgniter\Debug\Exceptions->errorHandler(2, 'Undefined varia...', 'C:\\xampp\\htdocs...', 126)
#1 C:\xampp\htdocs\ppdb_admin\vendor\codeigniter4\framework\system\View\View.php(230): include('C:\\xampp\\htdocs...')
#2 C:\xampp\htdocs\ppdb_admin\vendor\codeigniter4\framework\system\View\View.php(232): CodeIgniter\View\View->CodeIgniter\View\{closure}()
#3 C:\xampp\htdocs\ppdb_admin\vendor\codeigniter4\framework\system\Common.php(1271): CodeIgniter\View\View->render('siswa/detail', Array, true)
#4 C:\xampp\htdocs\ppdb_admin\app\Controllers\Siswa_tbtk.php(38): view('siswa/detail', Array)
#5 C:\xampp\htdocs\ppdb_admin\vendor\codeigniter4\framework\system\CodeIgniter.php(928): App\Controllers\Siswa_tbtk->detail('silvester-rangg...')
#6 C:\xampp\htdocs\ppdb_admin\vendor\codeigniter4\framework\system\CodeIgniter.php(436): CodeIgniter\CodeIgniter->runController(Object(App\Controllers\Siswa_tbtk))
#7 C:\xampp\htdocs\ppdb_admin\vendor\codeigniter4\framework\system\CodeIgniter.php(336): CodeIgniter\CodeIgniter->handleRequest(NULL, Object(Config\Cache), false)
#8 C:\xampp\htdocs\ppdb_admin\public\index.php(37): CodeIgniter\CodeIgniter->run()
#9 C:\xampp\htdocs\ppdb_admin\vendor\codeigniter4\framework\system\Commands\Server\rewrite.php(45): require_once('C:\\xampp\\htdocs...')
#10 {main}
CRITICAL - 2021-08-14 02:38:45 --> Invalid file: siswa/ganti_password.php
#0 C:\xampp\htdocs\ppdb_admin\vendor\codeigniter4\framework\system\View\View.php(213): CodeIgniter\Exceptions\FrameworkException::forInvalidFile('siswa/ganti_pas...')
#1 C:\xampp\htdocs\ppdb_admin\vendor\codeigniter4\framework\system\Common.php(1271): CodeIgniter\View\View->render('siswa/ganti_pas...', Array, true)
#2 C:\xampp\htdocs\ppdb_admin\app\Controllers\Siswa_tbtk.php(66): view('siswa/ganti_pas...', Array)
#3 C:\xampp\htdocs\ppdb_admin\vendor\codeigniter4\framework\system\CodeIgniter.php(928): App\Controllers\Siswa_tbtk->penggantian_password('silvester-rangg...')
#4 C:\xampp\htdocs\ppdb_admin\vendor\codeigniter4\framework\system\CodeIgniter.php(436): CodeIgniter\CodeIgniter->runController(Object(App\Controllers\Siswa_tbtk))
#5 C:\xampp\htdocs\ppdb_admin\vendor\codeigniter4\framework\system\CodeIgniter.php(336): CodeIgniter\CodeIgniter->handleRequest(NULL, Object(Config\Cache), false)
#6 C:\xampp\htdocs\ppdb_admin\public\index.php(37): CodeIgniter\CodeIgniter->run()
#7 C:\xampp\htdocs\ppdb_admin\vendor\codeigniter4\framework\system\Commands\Server\rewrite.php(45): require_once('C:\\xampp\\htdocs...')
#8 {main}
CRITICAL - 2021-08-14 02:58:27 --> Undefined variable $validation
#0 C:\xampp\htdocs\ppdb_admin\app\Views\siswa\ganti_password.php(32): CodeIgniter\Debug\Exceptions->errorHandler(2, 'Undefined varia...', 'C:\\xampp\\htdocs...', 32)
#1 C:\xampp\htdocs\ppdb_admin\vendor\codeigniter4\framework\system\View\View.php(230): include('C:\\xampp\\htdocs...')
#2 C:\xampp\htdocs\ppdb_admin\vendor\codeigniter4\framework\system\View\View.php(232): CodeIgniter\View\View->CodeIgniter\View\{closure}()
#3 C:\xampp\htdocs\ppdb_admin\vendor\codeigniter4\framework\system\Common.php(1271): CodeIgniter\View\View->render('siswa/ganti_pas...', Array, true)
#4 C:\xampp\htdocs\ppdb_admin\app\Controllers\Siswa_tbtk.php(66): view('siswa/ganti_pas...', Array)
#5 C:\xampp\htdocs\ppdb_admin\vendor\codeigniter4\framework\system\CodeIgniter.php(928): App\Controllers\Siswa_tbtk->penggantian_password('silvester-rangg...')
#6 C:\xampp\htdocs\ppdb_admin\vendor\codeigniter4\framework\system\CodeIgniter.php(436): CodeIgniter\CodeIgniter->runController(Object(App\Controllers\Siswa_tbtk))
#7 C:\xampp\htdocs\ppdb_admin\vendor\codeigniter4\framework\system\CodeIgniter.php(336): CodeIgniter\CodeIgniter->handleRequest(NULL, Object(Config\Cache), false)
#8 C:\xampp\htdocs\ppdb_admin\public\index.php(37): CodeIgniter\CodeIgniter->run()
#9 C:\xampp\htdocs\ppdb_admin\vendor\codeigniter4\framework\system\Commands\Server\rewrite.php(45): require_once('C:\\xampp\\htdocs...')
#10 {main}
CRITICAL - 2021-08-14 03:04:39 --> Undefined variable $siswa_tbtk
#0 C:\xampp\htdocs\ppdb_admin\app\Views\siswa\ganti_password.php(20): CodeIgniter\Debug\Exceptions->errorHandler(2, 'Undefined varia...', 'C:\\xampp\\htdocs...', 20)
#1 C:\xampp\htdocs\ppdb_admin\vendor\codeigniter4\framework\system\View\View.php(230): include('C:\\xampp\\htdocs...')
#2 C:\xampp\htdocs\ppdb_admin\vendor\codeigniter4\framework\system\View\View.php(232): CodeIgniter\View\View->CodeIgniter\View\{closure}()
#3 C:\xampp\htdocs\ppdb_admin\vendor\codeigniter4\framework\system\Common.php(1271): CodeIgniter\View\View->render('siswa/ganti_pas...', Array, true)
#4 C:\xampp\htdocs\ppdb_admin\app\Controllers\Siswa_tbtk.php(67): view('siswa/ganti_pas...', Array)
#5 C:\xampp\htdocs\ppdb_admin\vendor\codeigniter4\framework\system\CodeIgniter.php(928): App\Controllers\Siswa_tbtk->penggantian_password('silvester-rangg...')
#6 C:\xampp\htdocs\ppdb_admin\vendor\codeigniter4\framework\system\CodeIgniter.php(436): CodeIgniter\CodeIgniter->runController(Object(App\Controllers\Siswa_tbtk))
#7 C:\xampp\htdocs\ppdb_admin\vendor\codeigniter4\framework\system\CodeIgniter.php(336): CodeIgniter\CodeIgniter->handleRequest(NULL, Object(Config\Cache), false)
#8 C:\xampp\htdocs\ppdb_admin\public\index.php(37): CodeIgniter\CodeIgniter->run()
#9 C:\xampp\htdocs\ppdb_admin\vendor\codeigniter4\framework\system\Commands\Server\rewrite.php(45): require_once('C:\\xampp\\htdocs...')
#10 {main}
CRITICAL - 2021-08-14 03:05:04 --> Too few arguments to function App\Controllers\Siswa_tbtk::change_password(), 0 passed in C:\xampp\htdocs\ppdb_admin\vendor\codeigniter4\framework\system\CodeIgniter.php on line 928 and exactly 1 expected
#0 C:\xampp\htdocs\ppdb_admin\vendor\codeigniter4\framework\system\CodeIgniter.php(928): App\Controllers\Siswa_tbtk->change_password()
#1 C:\xampp\htdocs\ppdb_admin\vendor\codeigniter4\framework\system\CodeIgniter.php(436): CodeIgniter\CodeIgniter->runController(Object(App\Controllers\Siswa_tbtk))
#2 C:\xampp\htdocs\ppdb_admin\vendor\codeigniter4\framework\system\CodeIgniter.php(336): CodeIgniter\CodeIgniter->handleRequest(NULL, Object(Config\Cache), false)
#3 C:\xampp\htdocs\ppdb_admin\public\index.php(37): CodeIgniter\CodeIgniter->run()
#4 C:\xampp\htdocs\ppdb_admin\vendor\codeigniter4\framework\system\Commands\Server\rewrite.php(45): require_once('C:\\xampp\\htdocs...')
#5 {main}
CRITICAL - 2021-08-14 03:05:32 --> Too few arguments to function App\Controllers\Siswa_tbtk::change_password(), 0 passed in C:\xampp\htdocs\ppdb_admin\vendor\codeigniter4\framework\system\CodeIgniter.php on line 928 and exactly 1 expected
#0 C:\xampp\htdocs\ppdb_admin\vendor\codeigniter4\framework\system\CodeIgniter.php(928): App\Controllers\Siswa_tbtk->change_password()
#1 C:\xampp\htdocs\ppdb_admin\vendor\codeigniter4\framework\system\CodeIgniter.php(436): CodeIgniter\CodeIgniter->runController(Object(App\Controllers\Siswa_tbtk))
#2 C:\xampp\htdocs\ppdb_admin\vendor\codeigniter4\framework\system\CodeIgniter.php(336): CodeIgniter\CodeIgniter->handleRequest(NULL, Object(Config\Cache), false)
#3 C:\xampp\htdocs\ppdb_admin\public\index.php(37): CodeIgniter\CodeIgniter->run()
#4 C:\xampp\htdocs\ppdb_admin\vendor\codeigniter4\framework\system\Commands\Server\rewrite.php(45): require_once('C:\\xampp\\htdocs...')
#5 {main}
CRITICAL - 2021-08-14 03:07:51 --> Too few arguments to function App\Controllers\Siswa_tbtk::change_password(), 0 passed in C:\xampp\htdocs\ppdb_admin\vendor\codeigniter4\framework\system\CodeIgniter.php on line 928 and exactly 1 expected
#0 C:\xampp\htdocs\ppdb_admin\vendor\codeigniter4\framework\system\CodeIgniter.php(928): App\Controllers\Siswa_tbtk->change_password()
#1 C:\xampp\htdocs\ppdb_admin\vendor\codeigniter4\framework\system\CodeIgniter.php(436): CodeIgniter\CodeIgniter->runController(Object(App\Controllers\Siswa_tbtk))
#2 C:\xampp\htdocs\ppdb_admin\vendor\codeigniter4\framework\system\CodeIgniter.php(336): CodeIgniter\CodeIgniter->handleRequest(NULL, Object(Config\Cache), false)
#3 C:\xampp\htdocs\ppdb_admin\public\index.php(37): CodeIgniter\CodeIgniter->run()
#4 C:\xampp\htdocs\ppdb_admin\vendor\codeigniter4\framework\system\Commands\Server\rewrite.php(45): require_once('C:\\xampp\\htdocs...')
#5 {main}
CRITICAL - 2021-08-14 03:07:56 --> Too few arguments to function App\Controllers\Siswa_tbtk::change_password(), 0 passed in C:\xampp\htdocs\ppdb_admin\vendor\codeigniter4\framework\system\CodeIgniter.php on line 928 and exactly 1 expected
#0 C:\xampp\htdocs\ppdb_admin\vendor\codeigniter4\framework\system\CodeIgniter.php(928): App\Controllers\Siswa_tbtk->change_password()
#1 C:\xampp\htdocs\ppdb_admin\vendor\codeigniter4\framework\system\CodeIgniter.php(436): CodeIgniter\CodeIgniter->runController(Object(App\Controllers\Siswa_tbtk))
#2 C:\xampp\htdocs\ppdb_admin\vendor\codeigniter4\framework\system\CodeIgniter.php(336): CodeIgniter\CodeIgniter->handleRequest(NULL, Object(Config\Cache), false)
#3 C:\xampp\htdocs\ppdb_admin\public\index.php(37): CodeIgniter\CodeIgniter->run()
#4 C:\xampp\htdocs\ppdb_admin\vendor\codeigniter4\framework\system\Commands\Server\rewrite.php(45): require_once('C:\\xampp\\htdocs...')
#5 {main}
CRITICAL - 2021-08-14 03:09:42 --> Too few arguments to function App\Controllers\Siswa_tbtk::change_password(), 0 passed in C:\xampp\htdocs\ppdb_admin\vendor\codeigniter4\framework\system\CodeIgniter.php on line 928 and exactly 1 expected
#0 C:\xampp\htdocs\ppdb_admin\vendor\codeigniter4\framework\system\CodeIgniter.php(928): App\Controllers\Siswa_tbtk->change_password()
#1 C:\xampp\htdocs\ppdb_admin\vendor\codeigniter4\framework\system\CodeIgniter.php(436): CodeIgniter\CodeIgniter->runController(Object(App\Controllers\Siswa_tbtk))
#2 C:\xampp\htdocs\ppdb_admin\vendor\codeigniter4\framework\system\CodeIgniter.php(336): CodeIgniter\CodeIgniter->handleRequest(NULL, Object(Config\Cache), false)
#3 C:\xampp\htdocs\ppdb_admin\public\index.php(37): CodeIgniter\CodeIgniter->run()
#4 C:\xampp\htdocs\ppdb_admin\vendor\codeigniter4\framework\system\Commands\Server\rewrite.php(45): require_once('C:\\xampp\\htdocs...')
#5 {main}
CRITICAL - 2021-08-14 03:11:22 --> Too few arguments to function App\Controllers\Siswa_tbtk::change_password(), 0 passed in C:\xampp\htdocs\ppdb_admin\vendor\codeigniter4\framework\system\CodeIgniter.php on line 928 and exactly 1 expected
#0 C:\xampp\htdocs\ppdb_admin\vendor\codeigniter4\framework\system\CodeIgniter.php(928): App\Controllers\Siswa_tbtk->change_password()
#1 C:\xampp\htdocs\ppdb_admin\vendor\codeigniter4\framework\system\CodeIgniter.php(436): CodeIgniter\CodeIgniter->runController(Object(App\Controllers\Siswa_tbtk))
#2 C:\xampp\htdocs\ppdb_admin\vendor\codeigniter4\framework\system\CodeIgniter.php(336): CodeIgniter\CodeIgniter->handleRequest(NULL, Object(Config\Cache), false)
#3 C:\xampp\htdocs\ppdb_admin\public\index.php(37): CodeIgniter\CodeIgniter->run()
#4 C:\xampp\htdocs\ppdb_admin\vendor\codeigniter4\framework\system\Commands\Server\rewrite.php(45): require_once('C:\\xampp\\htdocs...')
#5 {main}
CRITICAL - 2021-08-14 03:15:31 --> Undefined variable $tbtkq
#0 C:\xampp\htdocs\ppdb_admin\app\Views\siswa\ganti_password.php(20): CodeIgniter\Debug\Exceptions->errorHandler(2, 'Undefined varia...', 'C:\\xampp\\htdocs...', 20)
#1 C:\xampp\htdocs\ppdb_admin\vendor\codeigniter4\framework\system\View\View.php(230): include('C:\\xampp\\htdocs...')
#2 C:\xampp\htdocs\ppdb_admin\vendor\codeigniter4\framework\system\View\View.php(232): CodeIgniter\View\View->CodeIgniter\View\{closure}()
#3 C:\xampp\htdocs\ppdb_admin\vendor\codeigniter4\framework\system\Common.php(1271): CodeIgniter\View\View->render('siswa/ganti_pas...', Array, true)
#4 C:\xampp\htdocs\ppdb_admin\app\Controllers\Siswa_tbtk.php(67): view('siswa/ganti_pas...', Array)
#5 C:\xampp\htdocs\ppdb_admin\vendor\codeigniter4\framework\system\CodeIgniter.php(928): App\Controllers\Siswa_tbtk->penggantian_password('silvester-rangg...')
#6 C:\xampp\htdocs\ppdb_admin\vendor\codeigniter4\framework\system\CodeIgniter.php(436): CodeIgniter\CodeIgniter->runController(Object(App\Controllers\Siswa_tbtk))
#7 C:\xampp\htdocs\ppdb_admin\vendor\codeigniter4\framework\system\CodeIgniter.php(336): CodeIgniter\CodeIgniter->handleRequest(NULL, Object(Config\Cache), false)
#8 C:\xampp\htdocs\ppdb_admin\public\index.php(37): CodeIgniter\CodeIgniter->run()
#9 C:\xampp\htdocs\ppdb_admin\vendor\codeigniter4\framework\system\Commands\Server\rewrite.php(45): require_once('C:\\xampp\\htdocs...')
#10 {main}
CRITICAL - 2021-08-14 03:15:40 --> Too few arguments to function App\Controllers\Siswa_tbtk::change_password(), 0 passed in C:\xampp\htdocs\ppdb_admin\vendor\codeigniter4\framework\system\CodeIgniter.php on line 928 and exactly 1 expected
#0 C:\xampp\htdocs\ppdb_admin\vendor\codeigniter4\framework\system\CodeIgniter.php(928): App\Controllers\Siswa_tbtk->change_password()
#1 C:\xampp\htdocs\ppdb_admin\vendor\codeigniter4\framework\system\CodeIgniter.php(436): CodeIgniter\CodeIgniter->runController(Object(App\Controllers\Siswa_tbtk))
#2 C:\xampp\htdocs\ppdb_admin\vendor\codeigniter4\framework\system\CodeIgniter.php(336): CodeIgniter\CodeIgniter->handleRequest(NULL, Object(Config\Cache), false)
#3 C:\xampp\htdocs\ppdb_admin\public\index.php(37): CodeIgniter\CodeIgniter->run()
#4 C:\xampp\htdocs\ppdb_admin\vendor\codeigniter4\framework\system\Commands\Server\rewrite.php(45): require_once('C:\\xampp\\htdocs...')
#5 {main}
CRITICAL - 2021-08-14 03:16:37 --> Too few arguments to function App\Controllers\Siswa_tbtk::change_password(), 0 passed in C:\xampp\htdocs\ppdb_admin\vendor\codeigniter4\framework\system\CodeIgniter.php on line 928 and exactly 1 expected
#0 C:\xampp\htdocs\ppdb_admin\vendor\codeigniter4\framework\system\CodeIgniter.php(928): App\Controllers\Siswa_tbtk->change_password()
#1 C:\xampp\htdocs\ppdb_admin\vendor\codeigniter4\framework\system\CodeIgniter.php(436): CodeIgniter\CodeIgniter->runController(Object(App\Controllers\Siswa_tbtk))
#2 C:\xampp\htdocs\ppdb_admin\vendor\codeigniter4\framework\system\CodeIgniter.php(336): CodeIgniter\CodeIgniter->handleRequest(NULL, Object(Config\Cache), false)
#3 C:\xampp\htdocs\ppdb_admin\public\index.php(37): CodeIgniter\CodeIgniter->run()
#4 C:\xampp\htdocs\ppdb_admin\vendor\codeigniter4\framework\system\Commands\Server\rewrite.php(45): require_once('C:\\xampp\\htdocs...')
#5 {main}
CRITICAL - 2021-08-14 03:24:35 --> Too few arguments to function App\Controllers\Siswa_tbtk::change_password(), 0 passed in C:\xampp\htdocs\ppdb_admin\vendor\codeigniter4\framework\system\CodeIgniter.php on line 928 and exactly 1 expected
#0 C:\xampp\htdocs\ppdb_admin\vendor\codeigniter4\framework\system\CodeIgniter.php(928): App\Controllers\Siswa_tbtk->change_password()
#1 C:\xampp\htdocs\ppdb_admin\vendor\codeigniter4\framework\system\CodeIgniter.php(436): CodeIgniter\CodeIgniter->runController(Object(App\Controllers\Siswa_tbtk))
#2 C:\xampp\htdocs\ppdb_admin\vendor\codeigniter4\framework\system\CodeIgniter.php(336): CodeIgniter\CodeIgniter->handleRequest(NULL, Object(Config\Cache), false)
#3 C:\xampp\htdocs\ppdb_admin\public\index.php(37): CodeIgniter\CodeIgniter->run()
#4 C:\xampp\htdocs\ppdb_admin\vendor\codeigniter4\framework\system\Commands\Server\rewrite.php(45): require_once('C:\\xampp\\htdocs...')
#5 {main}
CRITICAL - 2021-08-14 03:25:09 --> Too few arguments to function App\Controllers\Siswa_tbtk::change_password(), 0 passed in C:\xampp\htdocs\ppdb_admin\vendor\codeigniter4\framework\system\CodeIgniter.php on line 928 and exactly 1 expected
#0 C:\xampp\htdocs\ppdb_admin\vendor\codeigniter4\framework\system\CodeIgniter.php(928): App\Controllers\Siswa_tbtk->change_password()
#1 C:\xampp\htdocs\ppdb_admin\vendor\codeigniter4\framework\system\CodeIgniter.php(436): CodeIgniter\CodeIgniter->runController(Object(App\Controllers\Siswa_tbtk))
#2 C:\xampp\htdocs\ppdb_admin\vendor\codeigniter4\framework\system\CodeIgniter.php(336): CodeIgniter\CodeIgniter->handleRequest(NULL, Object(Config\Cache), false)
#3 C:\xampp\htdocs\ppdb_admin\public\index.php(37): CodeIgniter\CodeIgniter->run()
#4 C:\xampp\htdocs\ppdb_admin\vendor\codeigniter4\framework\system\Commands\Server\rewrite.php(45): require_once('C:\\xampp\\htdocs...')
#5 {main}
CRITICAL - 2021-08-14 03:25:16 --> Too few arguments to function App\Controllers\Siswa_tbtk::change_password(), 0 passed in C:\xampp\htdocs\ppdb_admin\vendor\codeigniter4\framework\system\CodeIgniter.php on line 928 and exactly 1 expected
#0 C:\xampp\htdocs\ppdb_admin\vendor\codeigniter4\framework\system\CodeIgniter.php(928): App\Controllers\Siswa_tbtk->change_password()
#1 C:\xampp\htdocs\ppdb_admin\vendor\codeigniter4\framework\system\CodeIgniter.php(436): CodeIgniter\CodeIgniter->runController(Object(App\Controllers\Siswa_tbtk))
#2 C:\xampp\htdocs\ppdb_admin\vendor\codeigniter4\framework\system\CodeIgniter.php(336): CodeIgniter\CodeIgniter->handleRequest(NULL, Object(Config\Cache), false)
#3 C:\xampp\htdocs\ppdb_admin\public\index.php(37): CodeIgniter\CodeIgniter->run()
#4 C:\xampp\htdocs\ppdb_admin\vendor\codeigniter4\framework\system\Commands\Server\rewrite.php(45): require_once('C:\\xampp\\htdocs...')
#5 {main}
CRITICAL - 2021-08-14 03:25:18 --> Too few arguments to function App\Controllers\Siswa_tbtk::change_password(), 0 passed in C:\xampp\htdocs\ppdb_admin\vendor\codeigniter4\framework\system\CodeIgniter.php on line 928 and exactly 1 expected
#0 C:\xampp\htdocs\ppdb_admin\vendor\codeigniter4\framework\system\CodeIgniter.php(928): App\Controllers\Siswa_tbtk->change_password()
#1 C:\xampp\htdocs\ppdb_admin\vendor\codeigniter4\framework\system\CodeIgniter.php(436): CodeIgniter\CodeIgniter->runController(Object(App\Controllers\Siswa_tbtk))
#2 C:\xampp\htdocs\ppdb_admin\vendor\codeigniter4\framework\system\CodeIgniter.php(336): CodeIgniter\CodeIgniter->handleRequest(NULL, Object(Config\Cache), false)
#3 C:\xampp\htdocs\ppdb_admin\public\index.php(37): CodeIgniter\CodeIgniter->run()
#4 C:\xampp\htdocs\ppdb_admin\vendor\codeigniter4\framework\system\Commands\Server\rewrite.php(45): require_once('C:\\xampp\\htdocs...')
#5 {main}
CRITICAL - 2021-08-14 03:28:03 --> Too few arguments to function App\Controllers\Siswa_tbtk::change_password(), 0 passed in C:\xampp\htdocs\ppdb_admin\vendor\codeigniter4\framework\system\CodeIgniter.php on line 928 and exactly 1 expected
#0 C:\xampp\htdocs\ppdb_admin\vendor\codeigniter4\framework\system\CodeIgniter.php(928): App\Controllers\Siswa_tbtk->change_password()
#1 C:\xampp\htdocs\ppdb_admin\vendor\codeigniter4\framework\system\CodeIgniter.php(436): CodeIgniter\CodeIgniter->runController(Object(App\Controllers\Siswa_tbtk))
#2 C:\xampp\htdocs\ppdb_admin\vendor\codeigniter4\framework\system\CodeIgniter.php(336): CodeIgniter\CodeIgniter->handleRequest(NULL, Object(Config\Cache), false)
#3 C:\xampp\htdocs\ppdb_admin\public\index.php(37): CodeIgniter\CodeIgniter->run()
#4 C:\xampp\htdocs\ppdb_admin\vendor\codeigniter4\framework\system\Commands\Server\rewrite.php(45): require_once('C:\\xampp\\htdocs...')
#5 {main}
CRITICAL - 2021-08-14 14:31:30 --> Too few arguments to function App\Controllers\Siswa_tbtk::change_password(), 0 passed in C:\xampp\htdocs\ppdb_admin\vendor\codeigniter4\framework\system\CodeIgniter.php on line 928 and exactly 1 expected
#0 C:\xampp\htdocs\ppdb_admin\vendor\codeigniter4\framework\system\CodeIgniter.php(928): App\Controllers\Siswa_tbtk->change_password()
#1 C:\xampp\htdocs\ppdb_admin\vendor\codeigniter4\framework\system\CodeIgniter.php(436): CodeIgniter\CodeIgniter->runController(Object(App\Controllers\Siswa_tbtk))
#2 C:\xampp\htdocs\ppdb_admin\vendor\codeigniter4\framework\system\CodeIgniter.php(336): CodeIgniter\CodeIgniter->handleRequest(NULL, Object(Config\Cache), false)
#3 C:\xampp\htdocs\ppdb_admin\public\index.php(37): CodeIgniter\CodeIgniter->run()
#4 C:\xampp\htdocs\ppdb_admin\vendor\codeigniter4\framework\system\Commands\Server\rewrite.php(45): require_once('C:\\xampp\\htdocs...')
#5 {main}
CRITICAL - 2021-08-14 14:49:41 --> Too few arguments to function App\Controllers\Siswa_tbtk::change_password(), 0 passed in C:\xampp\htdocs\ppdb_admin\vendor\codeigniter4\framework\system\CodeIgniter.php on line 928 and exactly 1 expected
#0 C:\xampp\htdocs\ppdb_admin\vendor\codeigniter4\framework\system\CodeIgniter.php(928): App\Controllers\Siswa_tbtk->change_password()
#1 C:\xampp\htdocs\ppdb_admin\vendor\codeigniter4\framework\system\CodeIgniter.php(436): CodeIgniter\CodeIgniter->runController(Object(App\Controllers\Siswa_tbtk))
#2 C:\xampp\htdocs\ppdb_admin\vendor\codeigniter4\framework\system\CodeIgniter.php(336): CodeIgniter\CodeIgniter->handleRequest(NULL, Object(Config\Cache), false)
#3 C:\xampp\htdocs\ppdb_admin\public\index.php(37): CodeIgniter\CodeIgniter->run()
#4 C:\xampp\htdocs\ppdb_admin\vendor\codeigniter4\framework\system\Commands\Server\rewrite.php(45): require_once('C:\\xampp\\htdocs...')
#5 {main}
