CRITICAL - 2021-08-09 12:58:02 --> Undefined variable $config
#0 C:\xampp\htdocs\ppdb_admin\app\Views\auth\login.php(12): CodeIgniter\Debug\Exceptions->errorHandler(2, 'Undefined varia...', 'C:\\xampp\\htdocs...', 12)
#1 C:\xampp\htdocs\ppdb_admin\vendor\codeigniter4\framework\system\View\View.php(230): include('C:\\xampp\\htdocs...')
#2 C:\xampp\htdocs\ppdb_admin\vendor\codeigniter4\framework\system\View\View.php(232): CodeIgniter\View\View->CodeIgniter\View\{closure}()
#3 C:\xampp\htdocs\ppdb_admin\vendor\codeigniter4\framework\system\Common.php(1271): CodeIgniter\View\View->render('auth/login', Array, true)
#4 C:\xampp\htdocs\ppdb_admin\app\Controllers\Home.php(9): view('auth/login')
#5 C:\xampp\htdocs\ppdb_admin\vendor\codeigniter4\framework\system\CodeIgniter.php(928): App\Controllers\Home->index()
#6 C:\xampp\htdocs\ppdb_admin\vendor\codeigniter4\framework\system\CodeIgniter.php(436): CodeIgniter\CodeIgniter->runController(Object(App\Controllers\Home))
#7 C:\xampp\htdocs\ppdb_admin\vendor\codeigniter4\framework\system\CodeIgniter.php(336): CodeIgniter\CodeIgniter->handleRequest(NULL, Object(Config\Cache), false)
#8 C:\xampp\htdocs\ppdb_admin\public\index.php(37): CodeIgniter\CodeIgniter->run()
#9 C:\xampp\htdocs\ppdb_admin\vendor\codeigniter4\framework\system\Commands\Server\rewrite.php(45): require_once('C:\\xampp\\htdocs...')
#10 {main}
CRITICAL - 2021-08-09 14:32:23 --> You do not have sufficient permissions to access that page.
#0 C:\xampp\htdocs\ppdb_admin\vendor\codeigniter4\framework\system\Filters\Filters.php(181): Myth\Auth\Filters\RoleFilter->before(Object(CodeIgniter\HTTP\IncomingRequest), Array)
#1 C:\xampp\htdocs\ppdb_admin\vendor\codeigniter4\framework\system\CodeIgniter.php(407): CodeIgniter\Filters\Filters->run('admin', 'before')
#2 C:\xampp\htdocs\ppdb_admin\vendor\codeigniter4\framework\system\CodeIgniter.php(336): CodeIgniter\CodeIgniter->handleRequest(NULL, Object(Config\Cache), false)
#3 C:\xampp\htdocs\ppdb_admin\public\index.php(37): CodeIgniter\CodeIgniter->run()
#4 C:\xampp\htdocs\ppdb_admin\vendor\codeigniter4\framework\system\Commands\Server\rewrite.php(45): require_once('C:\\xampp\\htdocs...')
#5 {main}
CRITICAL - 2021-08-09 22:38:39 --> Undefined variable $title
#0 C:\xampp\htdocs\ppdb_admin\app\Views\layouts\template.php(7): CodeIgniter\Debug\Exceptions->errorHandler(2, 'Undefined varia...', 'C:\\xampp\\htdocs...', 7)
#1 C:\xampp\htdocs\ppdb_admin\vendor\codeigniter4\framework\system\View\View.php(230): include('C:\\xampp\\htdocs...')
#2 C:\xampp\htdocs\ppdb_admin\vendor\codeigniter4\framework\system\View\View.php(232): CodeIgniter\View\View->CodeIgniter\View\{closure}()
#3 C:\xampp\htdocs\ppdb_admin\vendor\codeigniter4\framework\system\View\View.php(246): CodeIgniter\View\View->render('layouts/templat...', Array, true)
#4 C:\xampp\htdocs\ppdb_admin\vendor\codeigniter4\framework\system\Common.php(1271): CodeIgniter\View\View->render('admin/index', Array, true)
#5 C:\xampp\htdocs\ppdb_admin\app\Controllers\Admin.php(9): view('admin/index')
#6 C:\xampp\htdocs\ppdb_admin\vendor\codeigniter4\framework\system\CodeIgniter.php(928): App\Controllers\Admin->index()
#7 C:\xampp\htdocs\ppdb_admin\vendor\codeigniter4\framework\system\CodeIgniter.php(436): CodeIgniter\CodeIgniter->runController(Object(App\Controllers\Admin))
#8 C:\xampp\htdocs\ppdb_admin\vendor\codeigniter4\framework\system\CodeIgniter.php(336): CodeIgniter\CodeIgniter->handleRequest(NULL, Object(Config\Cache), false)
#9 C:\xampp\htdocs\ppdb_admin\public\index.php(37): CodeIgniter\CodeIgniter->run()
#10 C:\xampp\htdocs\ppdb_admin\vendor\codeigniter4\framework\system\Commands\Server\rewrite.php(45): require_once('C:\\xampp\\htdocs...')
#11 {main}
CRITICAL - 2021-08-09 22:39:17 --> Undefined variable $title
#0 C:\xampp\htdocs\ppdb_admin\app\Views\layouts\template.php(7): CodeIgniter\Debug\Exceptions->errorHandler(2, 'Undefined varia...', 'C:\\xampp\\htdocs...', 7)
#1 C:\xampp\htdocs\ppdb_admin\vendor\codeigniter4\framework\system\View\View.php(230): include('C:\\xampp\\htdocs...')
#2 C:\xampp\htdocs\ppdb_admin\vendor\codeigniter4\framework\system\View\View.php(232): CodeIgniter\View\View->CodeIgniter\View\{closure}()
#3 C:\xampp\htdocs\ppdb_admin\vendor\codeigniter4\framework\system\View\View.php(246): CodeIgniter\View\View->render('layouts/templat...', Array, true)
#4 C:\xampp\htdocs\ppdb_admin\vendor\codeigniter4\framework\system\Common.php(1271): CodeIgniter\View\View->render('admin/index', Array, true)
#5 C:\xampp\htdocs\ppdb_admin\app\Controllers\Admin.php(9): view('admin/index')
#6 C:\xampp\htdocs\ppdb_admin\vendor\codeigniter4\framework\system\CodeIgniter.php(928): App\Controllers\Admin->index()
#7 C:\xampp\htdocs\ppdb_admin\vendor\codeigniter4\framework\system\CodeIgniter.php(436): CodeIgniter\CodeIgniter->runController(Object(App\Controllers\Admin))
#8 C:\xampp\htdocs\ppdb_admin\vendor\codeigniter4\framework\system\CodeIgniter.php(336): CodeIgniter\CodeIgniter->handleRequest(NULL, Object(Config\Cache), false)
#9 C:\xampp\htdocs\ppdb_admin\public\index.php(37): CodeIgniter\CodeIgniter->run()
#10 C:\xampp\htdocs\ppdb_admin\vendor\codeigniter4\framework\system\Commands\Server\rewrite.php(45): require_once('C:\\xampp\\htdocs...')
#11 {main}
CRITICAL - 2021-08-09 22:39:23 --> Undefined variable $title
#0 C:\xampp\htdocs\ppdb_admin\app\Views\layouts\template.php(7): CodeIgniter\Debug\Exceptions->errorHandler(2, 'Undefined varia...', 'C:\\xampp\\htdocs...', 7)
#1 C:\xampp\htdocs\ppdb_admin\vendor\codeigniter4\framework\system\View\View.php(230): include('C:\\xampp\\htdocs...')
#2 C:\xampp\htdocs\ppdb_admin\vendor\codeigniter4\framework\system\View\View.php(232): CodeIgniter\View\View->CodeIgniter\View\{closure}()
#3 C:\xampp\htdocs\ppdb_admin\vendor\codeigniter4\framework\system\View\View.php(246): CodeIgniter\View\View->render('layouts/templat...', Array, true)
#4 C:\xampp\htdocs\ppdb_admin\vendor\codeigniter4\framework\system\Common.php(1271): CodeIgniter\View\View->render('admin/index', Array, true)
#5 C:\xampp\htdocs\ppdb_admin\app\Controllers\Admin.php(9): view('admin/index')
#6 C:\xampp\htdocs\ppdb_admin\vendor\codeigniter4\framework\system\CodeIgniter.php(928): App\Controllers\Admin->index()
#7 C:\xampp\htdocs\ppdb_admin\vendor\codeigniter4\framework\system\CodeIgniter.php(436): CodeIgniter\CodeIgniter->runController(Object(App\Controllers\Admin))
#8 C:\xampp\htdocs\ppdb_admin\vendor\codeigniter4\framework\system\CodeIgniter.php(336): CodeIgniter\CodeIgniter->handleRequest(NULL, Object(Config\Cache), false)
#9 C:\xampp\htdocs\ppdb_admin\public\index.php(37): CodeIgniter\CodeIgniter->run()
#10 C:\xampp\htdocs\ppdb_admin\vendor\codeigniter4\framework\system\Commands\Server\rewrite.php(45): require_once('C:\\xampp\\htdocs...')
#11 {main}
CRITICAL - 2021-08-09 22:39:26 --> Undefined variable $title
#0 C:\xampp\htdocs\ppdb_admin\app\Views\layouts\template.php(7): CodeIgniter\Debug\Exceptions->errorHandler(2, 'Undefined varia...', 'C:\\xampp\\htdocs...', 7)
#1 C:\xampp\htdocs\ppdb_admin\vendor\codeigniter4\framework\system\View\View.php(230): include('C:\\xampp\\htdocs...')
#2 C:\xampp\htdocs\ppdb_admin\vendor\codeigniter4\framework\system\View\View.php(232): CodeIgniter\View\View->CodeIgniter\View\{closure}()
#3 C:\xampp\htdocs\ppdb_admin\vendor\codeigniter4\framework\system\View\View.php(246): CodeIgniter\View\View->render('layouts/templat...', Array, true)
#4 C:\xampp\htdocs\ppdb_admin\vendor\codeigniter4\framework\system\Common.php(1271): CodeIgniter\View\View->render('dashboard', Array, true)
#5 C:\xampp\htdocs\ppdb_admin\app\Controllers\Home.php(9): view('dashboard')
#6 C:\xampp\htdocs\ppdb_admin\vendor\codeigniter4\framework\system\CodeIgniter.php(928): App\Controllers\Home->index()
#7 C:\xampp\htdocs\ppdb_admin\vendor\codeigniter4\framework\system\CodeIgniter.php(436): CodeIgniter\CodeIgniter->runController(Object(App\Controllers\Home))
#8 C:\xampp\htdocs\ppdb_admin\vendor\codeigniter4\framework\system\CodeIgniter.php(336): CodeIgniter\CodeIgniter->handleRequest(NULL, Object(Config\Cache), false)
#9 C:\xampp\htdocs\ppdb_admin\public\index.php(37): CodeIgniter\CodeIgniter->run()
#10 C:\xampp\htdocs\ppdb_admin\vendor\codeigniter4\framework\system\Commands\Server\rewrite.php(45): require_once('C:\\xampp\\htdocs...')
#11 {main}
ERROR - 2021-08-09 22:57:43 --> Error connecting to the database: No connection could be made because the target machine actively refused it
CRITICAL - 2021-08-09 22:57:43 --> Unable to connect to the database.
Main connection [MySQLi]: No connection could be made because the target machine actively refused it
#0 C:\xampp\htdocs\ppdb_admin\vendor\codeigniter4\framework\system\Database\BaseConnection.php(625): CodeIgniter\Database\BaseConnection->initialize()
#1 C:\xampp\htdocs\ppdb_admin\vendor\codeigniter4\framework\system\Database\BaseBuilder.php(1881): CodeIgniter\Database\BaseConnection->query('SELECT *\nFROM `...', Array, false)
#2 C:\xampp\htdocs\ppdb_admin\vendor\codeigniter4\framework\system\Model.php(153): CodeIgniter\Database\BaseBuilder->get()
#3 C:\xampp\htdocs\ppdb_admin\vendor\codeigniter4\framework\system\BaseModel.php(538): CodeIgniter\Model->doFind(true, '4')
#4 C:\xampp\htdocs\ppdb_admin\vendor\myth\auth\src\Authentication\AuthenticationBase.php(137): CodeIgniter\BaseModel->find('4')
#5 C:\xampp\htdocs\ppdb_admin\vendor\myth\auth\src\Authentication\LocalAuthenticator.php(70): Myth\Auth\Authentication\AuthenticationBase->isLoggedIn()
#6 C:\xampp\htdocs\ppdb_admin\vendor\myth\auth\src\Filters\LoginFilter.php(45): Myth\Auth\Authentication\LocalAuthenticator->check()
#7 C:\xampp\htdocs\ppdb_admin\vendor\codeigniter4\framework\system\Filters\Filters.php(181): Myth\Auth\Filters\LoginFilter->before(Object(CodeIgniter\HTTP\IncomingRequest), NULL)
#8 C:\xampp\htdocs\ppdb_admin\vendor\codeigniter4\framework\system\CodeIgniter.php(407): CodeIgniter\Filters\Filters->run('/', 'before')
#9 C:\xampp\htdocs\ppdb_admin\vendor\codeigniter4\framework\system\CodeIgniter.php(336): CodeIgniter\CodeIgniter->handleRequest(NULL, Object(Config\Cache), false)
#10 C:\xampp\htdocs\ppdb_admin\public\index.php(37): CodeIgniter\CodeIgniter->run()
#11 C:\xampp\htdocs\ppdb_admin\vendor\codeigniter4\framework\system\Commands\Server\rewrite.php(45): require_once('C:\\xampp\\htdocs...')
#12 {main}
ERROR - 2021-08-09 22:57:49 --> Error connecting to the database: No connection could be made because the target machine actively refused it
CRITICAL - 2021-08-09 22:57:49 --> Unable to connect to the database.
Main connection [MySQLi]: No connection could be made because the target machine actively refused it
#0 C:\xampp\htdocs\ppdb_admin\vendor\codeigniter4\framework\system\Database\BaseConnection.php(625): CodeIgniter\Database\BaseConnection->initialize()
#1 C:\xampp\htdocs\ppdb_admin\vendor\codeigniter4\framework\system\Database\BaseBuilder.php(1881): CodeIgniter\Database\BaseConnection->query('SELECT *\nFROM `...', Array, false)
#2 C:\xampp\htdocs\ppdb_admin\vendor\codeigniter4\framework\system\Model.php(153): CodeIgniter\Database\BaseBuilder->get()
#3 C:\xampp\htdocs\ppdb_admin\vendor\codeigniter4\framework\system\BaseModel.php(538): CodeIgniter\Model->doFind(true, '4')
#4 C:\xampp\htdocs\ppdb_admin\vendor\myth\auth\src\Authentication\AuthenticationBase.php(137): CodeIgniter\BaseModel->find('4')
#5 C:\xampp\htdocs\ppdb_admin\vendor\myth\auth\src\Authentication\LocalAuthenticator.php(70): Myth\Auth\Authentication\AuthenticationBase->isLoggedIn()
#6 C:\xampp\htdocs\ppdb_admin\vendor\myth\auth\src\Filters\LoginFilter.php(45): Myth\Auth\Authentication\LocalAuthenticator->check()
#7 C:\xampp\htdocs\ppdb_admin\vendor\codeigniter4\framework\system\Filters\Filters.php(181): Myth\Auth\Filters\LoginFilter->before(Object(CodeIgniter\HTTP\IncomingRequest), NULL)
#8 C:\xampp\htdocs\ppdb_admin\vendor\codeigniter4\framework\system\CodeIgniter.php(407): CodeIgniter\Filters\Filters->run('/', 'before')
#9 C:\xampp\htdocs\ppdb_admin\vendor\codeigniter4\framework\system\CodeIgniter.php(336): CodeIgniter\CodeIgniter->handleRequest(NULL, Object(Config\Cache), false)
#10 C:\xampp\htdocs\ppdb_admin\public\index.php(37): CodeIgniter\CodeIgniter->run()
#11 C:\xampp\htdocs\ppdb_admin\vendor\codeigniter4\framework\system\Commands\Server\rewrite.php(45): require_once('C:\\xampp\\htdocs...')
#12 {main}
CRITICAL - 2021-08-09 23:09:12 --> Undefined variable $title
#0 C:\xampp\htdocs\ppdb_admin\app\Views\layouts\template.php(7): CodeIgniter\Debug\Exceptions->errorHandler(2, 'Undefined varia...', 'C:\\xampp\\htdocs...', 7)
#1 C:\xampp\htdocs\ppdb_admin\vendor\codeigniter4\framework\system\View\View.php(230): include('C:\\xampp\\htdocs...')
#2 C:\xampp\htdocs\ppdb_admin\vendor\codeigniter4\framework\system\View\View.php(232): CodeIgniter\View\View->CodeIgniter\View\{closure}()
#3 C:\xampp\htdocs\ppdb_admin\vendor\codeigniter4\framework\system\View\View.php(246): CodeIgniter\View\View->render('layouts/templat...', Array, true)
#4 C:\xampp\htdocs\ppdb_admin\vendor\codeigniter4\framework\system\Common.php(1271): CodeIgniter\View\View->render('dashboard', Array, true)
#5 C:\xampp\htdocs\ppdb_admin\app\Controllers\Home.php(9): view('dashboard')
#6 C:\xampp\htdocs\ppdb_admin\vendor\codeigniter4\framework\system\CodeIgniter.php(928): App\Controllers\Home->index()
#7 C:\xampp\htdocs\ppdb_admin\vendor\codeigniter4\framework\system\CodeIgniter.php(436): CodeIgniter\CodeIgniter->runController(Object(App\Controllers\Home))
#8 C:\xampp\htdocs\ppdb_admin\vendor\codeigniter4\framework\system\CodeIgniter.php(336): CodeIgniter\CodeIgniter->handleRequest(NULL, Object(Config\Cache), false)
#9 C:\xampp\htdocs\ppdb_admin\public\index.php(37): CodeIgniter\CodeIgniter->run()
#10 C:\xampp\htdocs\ppdb_admin\vendor\codeigniter4\framework\system\Commands\Server\rewrite.php(45): require_once('C:\\xampp\\htdocs...')
#11 {main}
CRITICAL - 2021-08-09 23:09:51 --> Undefined variable $title
#0 C:\xampp\htdocs\ppdb_admin\app\Views\layouts\template.php(7): CodeIgniter\Debug\Exceptions->errorHandler(2, 'Undefined varia...', 'C:\\xampp\\htdocs...', 7)
#1 C:\xampp\htdocs\ppdb_admin\vendor\codeigniter4\framework\system\View\View.php(230): include('C:\\xampp\\htdocs...')
#2 C:\xampp\htdocs\ppdb_admin\vendor\codeigniter4\framework\system\View\View.php(232): CodeIgniter\View\View->CodeIgniter\View\{closure}()
#3 C:\xampp\htdocs\ppdb_admin\vendor\codeigniter4\framework\system\View\View.php(246): CodeIgniter\View\View->render('layouts/templat...', Array, true)
#4 C:\xampp\htdocs\ppdb_admin\vendor\codeigniter4\framework\system\Common.php(1271): CodeIgniter\View\View->render('user/index', Array, true)
#5 C:\xampp\htdocs\ppdb_admin\app\Controllers\User.php(12): view('user/index')
#6 C:\xampp\htdocs\ppdb_admin\vendor\codeigniter4\framework\system\CodeIgniter.php(928): App\Controllers\User->index()
#7 C:\xampp\htdocs\ppdb_admin\vendor\codeigniter4\framework\system\CodeIgniter.php(436): CodeIgniter\CodeIgniter->runController(Object(App\Controllers\User))
#8 C:\xampp\htdocs\ppdb_admin\vendor\codeigniter4\framework\system\CodeIgniter.php(336): CodeIgniter\CodeIgniter->handleRequest(NULL, Object(Config\Cache), false)
#9 C:\xampp\htdocs\ppdb_admin\public\index.php(37): CodeIgniter\CodeIgniter->run()
#10 C:\xampp\htdocs\ppdb_admin\vendor\codeigniter4\framework\system\Commands\Server\rewrite.php(45): require_once('C:\\xampp\\htdocs...')
#11 {main}
