CRITICAL - 2021-08-13 00:33:05 --> Undefined variable $title
#0 C:\xampp\htdocs\ppdb_admin\app\Views\layouts\template.php(7): CodeIgniter\Debug\Exceptions->errorHandler(2, 'Undefined varia...', 'C:\\xampp\\htdocs...', 7)
#1 C:\xampp\htdocs\ppdb_admin\vendor\codeigniter4\framework\system\View\View.php(230): include('C:\\xampp\\htdocs...')
#2 C:\xampp\htdocs\ppdb_admin\vendor\codeigniter4\framework\system\View\View.php(232): CodeIgniter\View\View->CodeIgniter\View\{closure}()
#3 C:\xampp\htdocs\ppdb_admin\vendor\codeigniter4\framework\system\View\View.php(246): CodeIgniter\View\View->render('layouts/templat...', Array, true)
#4 C:\xampp\htdocs\ppdb_admin\vendor\codeigniter4\framework\system\Common.php(1271): CodeIgniter\View\View->render('home/index', Array, true)
#5 C:\xampp\htdocs\ppdb_admin\app\Controllers\Home.php(9): view('home/index')
#6 C:\xampp\htdocs\ppdb_admin\vendor\codeigniter4\framework\system\CodeIgniter.php(928): App\Controllers\Home->index()
#7 C:\xampp\htdocs\ppdb_admin\vendor\codeigniter4\framework\system\CodeIgniter.php(436): CodeIgniter\CodeIgniter->runController(Object(App\Controllers\Home))
#8 C:\xampp\htdocs\ppdb_admin\vendor\codeigniter4\framework\system\CodeIgniter.php(336): CodeIgniter\CodeIgniter->handleRequest(NULL, Object(Config\Cache), false)
#9 C:\xampp\htdocs\ppdb_admin\public\index.php(37): CodeIgniter\CodeIgniter->run()
#10 C:\xampp\htdocs\ppdb_admin\vendor\codeigniter4\framework\system\Commands\Server\rewrite.php(45): require_once('C:\\xampp\\htdocs...')
#11 {main}
CRITICAL - 2021-08-13 23:15:13 --> Undefined variable $active
#0 C:\xampp\htdocs\ppdb_admin\app\Views\layouts\navbar.php(17): CodeIgniter\Debug\Exceptions->errorHandler(2, 'Undefined varia...', 'C:\\xampp\\htdocs...', 17)
#1 C:\xampp\htdocs\ppdb_admin\vendor\codeigniter4\framework\system\View\View.php(230): include('C:\\xampp\\htdocs...')
#2 C:\xampp\htdocs\ppdb_admin\vendor\codeigniter4\framework\system\View\View.php(232): CodeIgniter\View\View->CodeIgniter\View\{closure}()
#3 C:\xampp\htdocs\ppdb_admin\vendor\codeigniter4\framework\system\View\View.php(487): CodeIgniter\View\View->render('layouts/navbar', NULL, true)
#4 C:\xampp\htdocs\ppdb_admin\app\Views\layouts\template.php(24): CodeIgniter\View\View->include('layouts/navbar')
#5 C:\xampp\htdocs\ppdb_admin\vendor\codeigniter4\framework\system\View\View.php(230): include('C:\\xampp\\htdocs...')
#6 C:\xampp\htdocs\ppdb_admin\vendor\codeigniter4\framework\system\View\View.php(232): CodeIgniter\View\View->CodeIgniter\View\{closure}()
#7 C:\xampp\htdocs\ppdb_admin\vendor\codeigniter4\framework\system\View\View.php(246): CodeIgniter\View\View->render('layouts/templat...', Array, true)
#8 C:\xampp\htdocs\ppdb_admin\vendor\codeigniter4\framework\system\Common.php(1271): CodeIgniter\View\View->render('home/index', Array, true)
#9 C:\xampp\htdocs\ppdb_admin\app\Controllers\Home.php(13): view('home/index', Array)
#10 C:\xampp\htdocs\ppdb_admin\vendor\codeigniter4\framework\system\CodeIgniter.php(928): App\Controllers\Home->index()
#11 C:\xampp\htdocs\ppdb_admin\vendor\codeigniter4\framework\system\CodeIgniter.php(436): CodeIgniter\CodeIgniter->runController(Object(App\Controllers\Home))
#12 C:\xampp\htdocs\ppdb_admin\vendor\codeigniter4\framework\system\CodeIgniter.php(336): CodeIgniter\CodeIgniter->handleRequest(NULL, Object(Config\Cache), false)
#13 C:\xampp\htdocs\ppdb_admin\public\index.php(37): CodeIgniter\CodeIgniter->run()
#14 C:\xampp\htdocs\ppdb_admin\vendor\codeigniter4\framework\system\Commands\Server\rewrite.php(45): require_once('C:\\xampp\\htdocs...')
#15 {main}
CRITICAL - 2021-08-13 23:26:15 --> Cannot declare class App\Controllers\Home, because the name is already in use
#0 [internal function]: CodeIgniter\Debug\Exceptions->shutdownHandler()
#1 {main}
CRITICAL - 2021-08-13 23:26:26 --> Undefined variable $users
#0 C:\xampp\htdocs\ppdb_admin\app\Views\siswa\index.php(39): CodeIgniter\Debug\Exceptions->errorHandler(2, 'Undefined varia...', 'C:\\xampp\\htdocs...', 39)
#1 C:\xampp\htdocs\ppdb_admin\vendor\codeigniter4\framework\system\View\View.php(230): include('C:\\xampp\\htdocs...')
#2 C:\xampp\htdocs\ppdb_admin\vendor\codeigniter4\framework\system\View\View.php(232): CodeIgniter\View\View->CodeIgniter\View\{closure}()
#3 C:\xampp\htdocs\ppdb_admin\vendor\codeigniter4\framework\system\Common.php(1271): CodeIgniter\View\View->render('siswa/index', Array, true)
#4 C:\xampp\htdocs\ppdb_admin\app\Controllers\Siswa_tbtk.php(13): view('siswa/index', Array)
#5 C:\xampp\htdocs\ppdb_admin\vendor\codeigniter4\framework\system\CodeIgniter.php(928): App\Controllers\Siswa_tbtk->index()
#6 C:\xampp\htdocs\ppdb_admin\vendor\codeigniter4\framework\system\CodeIgniter.php(436): CodeIgniter\CodeIgniter->runController(Object(App\Controllers\Siswa_tbtk))
#7 C:\xampp\htdocs\ppdb_admin\vendor\codeigniter4\framework\system\CodeIgniter.php(336): CodeIgniter\CodeIgniter->handleRequest(NULL, Object(Config\Cache), false)
#8 C:\xampp\htdocs\ppdb_admin\public\index.php(37): CodeIgniter\CodeIgniter->run()
#9 C:\xampp\htdocs\ppdb_admin\vendor\codeigniter4\framework\system\Commands\Server\rewrite.php(45): require_once('C:\\xampp\\htdocs...')
#10 {main}
CRITICAL - 2021-08-13 23:26:37 --> Undefined variable $users
#0 C:\xampp\htdocs\ppdb_admin\app\Views\siswa\index.php(39): CodeIgniter\Debug\Exceptions->errorHandler(2, 'Undefined varia...', 'C:\\xampp\\htdocs...', 39)
#1 C:\xampp\htdocs\ppdb_admin\vendor\codeigniter4\framework\system\View\View.php(230): include('C:\\xampp\\htdocs...')
#2 C:\xampp\htdocs\ppdb_admin\vendor\codeigniter4\framework\system\View\View.php(232): CodeIgniter\View\View->CodeIgniter\View\{closure}()
#3 C:\xampp\htdocs\ppdb_admin\vendor\codeigniter4\framework\system\Common.php(1271): CodeIgniter\View\View->render('siswa/index', Array, true)
#4 C:\xampp\htdocs\ppdb_admin\app\Controllers\Siswa_tbtk.php(13): view('siswa/index', Array)
#5 C:\xampp\htdocs\ppdb_admin\vendor\codeigniter4\framework\system\CodeIgniter.php(928): App\Controllers\Siswa_tbtk->index()
#6 C:\xampp\htdocs\ppdb_admin\vendor\codeigniter4\framework\system\CodeIgniter.php(436): CodeIgniter\CodeIgniter->runController(Object(App\Controllers\Siswa_tbtk))
#7 C:\xampp\htdocs\ppdb_admin\vendor\codeigniter4\framework\system\CodeIgniter.php(336): CodeIgniter\CodeIgniter->handleRequest(NULL, Object(Config\Cache), false)
#8 C:\xampp\htdocs\ppdb_admin\public\index.php(37): CodeIgniter\CodeIgniter->run()
#9 C:\xampp\htdocs\ppdb_admin\vendor\codeigniter4\framework\system\Commands\Server\rewrite.php(45): require_once('C:\\xampp\\htdocs...')
#10 {main}
CRITICAL - 2021-08-13 23:31:53 --> Undefined variable $user
#0 C:\xampp\htdocs\ppdb_admin\app\Views\siswa\index.php(46): CodeIgniter\Debug\Exceptions->errorHandler(2, 'Undefined varia...', 'C:\\xampp\\htdocs...', 46)
#1 C:\xampp\htdocs\ppdb_admin\vendor\codeigniter4\framework\system\View\View.php(230): include('C:\\xampp\\htdocs...')
#2 C:\xampp\htdocs\ppdb_admin\vendor\codeigniter4\framework\system\View\View.php(232): CodeIgniter\View\View->CodeIgniter\View\{closure}()
#3 C:\xampp\htdocs\ppdb_admin\vendor\codeigniter4\framework\system\Common.php(1271): CodeIgniter\View\View->render('siswa/index', Array, true)
#4 C:\xampp\htdocs\ppdb_admin\app\Controllers\Siswa_tbtk.php(23): view('siswa/index', Array)
#5 C:\xampp\htdocs\ppdb_admin\vendor\codeigniter4\framework\system\CodeIgniter.php(928): App\Controllers\Siswa_tbtk->index()
#6 C:\xampp\htdocs\ppdb_admin\vendor\codeigniter4\framework\system\CodeIgniter.php(436): CodeIgniter\CodeIgniter->runController(Object(App\Controllers\Siswa_tbtk))
#7 C:\xampp\htdocs\ppdb_admin\vendor\codeigniter4\framework\system\CodeIgniter.php(336): CodeIgniter\CodeIgniter->handleRequest(NULL, Object(Config\Cache), false)
#8 C:\xampp\htdocs\ppdb_admin\public\index.php(37): CodeIgniter\CodeIgniter->run()
#9 C:\xampp\htdocs\ppdb_admin\vendor\codeigniter4\framework\system\Commands\Server\rewrite.php(45): require_once('C:\\xampp\\htdocs...')
#10 {main}
CRITICAL - 2021-08-13 23:32:32 --> Undefined variable $user
#0 C:\xampp\htdocs\ppdb_admin\app\Views\siswa\index.php(46): CodeIgniter\Debug\Exceptions->errorHandler(2, 'Undefined varia...', 'C:\\xampp\\htdocs...', 46)
#1 C:\xampp\htdocs\ppdb_admin\vendor\codeigniter4\framework\system\View\View.php(230): include('C:\\xampp\\htdocs...')
#2 C:\xampp\htdocs\ppdb_admin\vendor\codeigniter4\framework\system\View\View.php(232): CodeIgniter\View\View->CodeIgniter\View\{closure}()
#3 C:\xampp\htdocs\ppdb_admin\vendor\codeigniter4\framework\system\Common.php(1271): CodeIgniter\View\View->render('siswa/index', Array, true)
#4 C:\xampp\htdocs\ppdb_admin\app\Controllers\Siswa_tbtk.php(23): view('siswa/index', Array)
#5 C:\xampp\htdocs\ppdb_admin\vendor\codeigniter4\framework\system\CodeIgniter.php(928): App\Controllers\Siswa_tbtk->index()
#6 C:\xampp\htdocs\ppdb_admin\vendor\codeigniter4\framework\system\CodeIgniter.php(436): CodeIgniter\CodeIgniter->runController(Object(App\Controllers\Siswa_tbtk))
#7 C:\xampp\htdocs\ppdb_admin\vendor\codeigniter4\framework\system\CodeIgniter.php(336): CodeIgniter\CodeIgniter->handleRequest(NULL, Object(Config\Cache), false)
#8 C:\xampp\htdocs\ppdb_admin\public\index.php(37): CodeIgniter\CodeIgniter->run()
#9 C:\xampp\htdocs\ppdb_admin\vendor\codeigniter4\framework\system\Commands\Server\rewrite.php(45): require_once('C:\\xampp\\htdocs...')
#10 {main}
CRITICAL - 2021-08-13 23:45:47 --> Undefined array key "pilihan_tingkat"
#0 C:\xampp\htdocs\ppdb_admin\app\Controllers\Siswa_tbtk.php(20): CodeIgniter\Debug\Exceptions->errorHandler(2, 'Undefined array...', 'C:\\xampp\\htdocs...', 20)
#1 C:\xampp\htdocs\ppdb_admin\vendor\codeigniter4\framework\system\CodeIgniter.php(928): App\Controllers\Siswa_tbtk->index()
#2 C:\xampp\htdocs\ppdb_admin\vendor\codeigniter4\framework\system\CodeIgniter.php(436): CodeIgniter\CodeIgniter->runController(Object(App\Controllers\Siswa_tbtk))
#3 C:\xampp\htdocs\ppdb_admin\vendor\codeigniter4\framework\system\CodeIgniter.php(336): CodeIgniter\CodeIgniter->handleRequest(NULL, Object(Config\Cache), false)
#4 C:\xampp\htdocs\ppdb_admin\public\index.php(37): CodeIgniter\CodeIgniter->run()
#5 C:\xampp\htdocs\ppdb_admin\vendor\codeigniter4\framework\system\Commands\Server\rewrite.php(45): require_once('C:\\xampp\\htdocs...')
#6 {main}
CRITICAL - 2021-08-13 23:47:42 --> Undefined array key "pilihan_tingkat"
#0 C:\xampp\htdocs\ppdb_admin\app\Controllers\Siswa_tbtk.php(20): CodeIgniter\Debug\Exceptions->errorHandler(2, 'Undefined array...', 'C:\\xampp\\htdocs...', 20)
#1 C:\xampp\htdocs\ppdb_admin\vendor\codeigniter4\framework\system\CodeIgniter.php(928): App\Controllers\Siswa_tbtk->index()
#2 C:\xampp\htdocs\ppdb_admin\vendor\codeigniter4\framework\system\CodeIgniter.php(436): CodeIgniter\CodeIgniter->runController(Object(App\Controllers\Siswa_tbtk))
#3 C:\xampp\htdocs\ppdb_admin\vendor\codeigniter4\framework\system\CodeIgniter.php(336): CodeIgniter\CodeIgniter->handleRequest(NULL, Object(Config\Cache), false)
#4 C:\xampp\htdocs\ppdb_admin\public\index.php(37): CodeIgniter\CodeIgniter->run()
#5 C:\xampp\htdocs\ppdb_admin\vendor\codeigniter4\framework\system\Commands\Server\rewrite.php(45): require_once('C:\\xampp\\htdocs...')
#6 {main}
CRITICAL - 2021-08-13 23:57:28 --> syntax error, unexpected token "if", expecting ":"
#0 C:\xampp\htdocs\ppdb_admin\vendor\codeigniter4\framework\system\View\View.php(232): CodeIgniter\View\View->CodeIgniter\View\{closure}()
#1 C:\xampp\htdocs\ppdb_admin\vendor\codeigniter4\framework\system\Common.php(1271): CodeIgniter\View\View->render('siswa/index', Array, true)
#2 C:\xampp\htdocs\ppdb_admin\app\Controllers\Siswa_tbtk.php(23): view('siswa/index', Array)
#3 C:\xampp\htdocs\ppdb_admin\vendor\codeigniter4\framework\system\CodeIgniter.php(928): App\Controllers\Siswa_tbtk->index()
#4 C:\xampp\htdocs\ppdb_admin\vendor\codeigniter4\framework\system\CodeIgniter.php(436): CodeIgniter\CodeIgniter->runController(Object(App\Controllers\Siswa_tbtk))
#5 C:\xampp\htdocs\ppdb_admin\vendor\codeigniter4\framework\system\CodeIgniter.php(336): CodeIgniter\CodeIgniter->handleRequest(NULL, Object(Config\Cache), false)
#6 C:\xampp\htdocs\ppdb_admin\public\index.php(37): CodeIgniter\CodeIgniter->run()
#7 C:\xampp\htdocs\ppdb_admin\vendor\codeigniter4\framework\system\Commands\Server\rewrite.php(45): require_once('C:\\xampp\\htdocs...')
#8 {main}
