CRITICAL - 2021-09-08 00:41:16 --> Undefined variable $dapodik
#0 C:\xampp\htdocs\admin_ppdb\app\Views\tbtk\detail_data_keuangan.php(75): CodeIgniter\Debug\Exceptions->errorHandler(2, 'Undefined varia...', 'C:\\xampp\\htdocs...', 75)
#1 C:\xampp\htdocs\admin_ppdb\vendor\codeigniter4\framework\system\View\View.php(230): include('C:\\xampp\\htdocs...')
#2 C:\xampp\htdocs\admin_ppdb\vendor\codeigniter4\framework\system\View\View.php(232): CodeIgniter\View\View->CodeIgniter\View\{closure}()
#3 C:\xampp\htdocs\admin_ppdb\vendor\codeigniter4\framework\system\Common.php(1271): CodeIgniter\View\View->render('tbtk/detail_dat...', Array, true)
#4 C:\xampp\htdocs\admin_ppdb\app\Controllers\Siswa_tbtk.php(313): view('tbtk/detail_dat...', Array)
#5 C:\xampp\htdocs\admin_ppdb\vendor\codeigniter4\framework\system\CodeIgniter.php(928): App\Controllers\Siswa_tbtk->detail_data_keuangan('silvester-rangg...')
#6 C:\xampp\htdocs\admin_ppdb\vendor\codeigniter4\framework\system\CodeIgniter.php(436): CodeIgniter\CodeIgniter->runController(Object(App\Controllers\Siswa_tbtk))
#7 C:\xampp\htdocs\admin_ppdb\vendor\codeigniter4\framework\system\CodeIgniter.php(336): CodeIgniter\CodeIgniter->handleRequest(NULL, Object(Config\Cache), false)
#8 C:\xampp\htdocs\admin_ppdb\public\index.php(37): CodeIgniter\CodeIgniter->run()
#9 C:\xampp\htdocs\admin_ppdb\vendor\codeigniter4\framework\system\Commands\Server\rewrite.php(45): require_once('C:\\xampp\\htdocs...')
#10 {main}
CRITICAL - 2021-09-08 00:44:05 --> Undefined variable $dapodik
#0 C:\xampp\htdocs\admin_ppdb\app\Views\tbtk\detail_data_keuangan.php(85): CodeIgniter\Debug\Exceptions->errorHandler(2, 'Undefined varia...', 'C:\\xampp\\htdocs...', 85)
#1 C:\xampp\htdocs\admin_ppdb\vendor\codeigniter4\framework\system\View\View.php(230): include('C:\\xampp\\htdocs...')
#2 C:\xampp\htdocs\admin_ppdb\vendor\codeigniter4\framework\system\View\View.php(232): CodeIgniter\View\View->CodeIgniter\View\{closure}()
#3 C:\xampp\htdocs\admin_ppdb\vendor\codeigniter4\framework\system\Common.php(1271): CodeIgniter\View\View->render('tbtk/detail_dat...', Array, true)
#4 C:\xampp\htdocs\admin_ppdb\app\Controllers\Siswa_tbtk.php(313): view('tbtk/detail_dat...', Array)
#5 C:\xampp\htdocs\admin_ppdb\vendor\codeigniter4\framework\system\CodeIgniter.php(928): App\Controllers\Siswa_tbtk->detail_data_keuangan('silvester-rangg...')
#6 C:\xampp\htdocs\admin_ppdb\vendor\codeigniter4\framework\system\CodeIgniter.php(436): CodeIgniter\CodeIgniter->runController(Object(App\Controllers\Siswa_tbtk))
#7 C:\xampp\htdocs\admin_ppdb\vendor\codeigniter4\framework\system\CodeIgniter.php(336): CodeIgniter\CodeIgniter->handleRequest(NULL, Object(Config\Cache), false)
#8 C:\xampp\htdocs\admin_ppdb\public\index.php(37): CodeIgniter\CodeIgniter->run()
#9 C:\xampp\htdocs\admin_ppdb\vendor\codeigniter4\framework\system\Commands\Server\rewrite.php(45): require_once('C:\\xampp\\htdocs...')
#10 {main}
CRITICAL - 2021-09-08 00:56:14 --> Undefined variable $bulan_tahap_1
#0 C:\xampp\htdocs\admin_ppdb\app\Views\tbtk\detail_data_keuangan.php(227): CodeIgniter\Debug\Exceptions->errorHandler(2, 'Undefined varia...', 'C:\\xampp\\htdocs...', 227)
#1 C:\xampp\htdocs\admin_ppdb\vendor\codeigniter4\framework\system\View\View.php(230): include('C:\\xampp\\htdocs...')
#2 C:\xampp\htdocs\admin_ppdb\vendor\codeigniter4\framework\system\View\View.php(232): CodeIgniter\View\View->CodeIgniter\View\{closure}()
#3 C:\xampp\htdocs\admin_ppdb\vendor\codeigniter4\framework\system\Common.php(1271): CodeIgniter\View\View->render('tbtk/detail_dat...', Array, true)
#4 C:\xampp\htdocs\admin_ppdb\app\Controllers\Siswa_tbtk.php(314): view('tbtk/detail_dat...', Array)
#5 C:\xampp\htdocs\admin_ppdb\vendor\codeigniter4\framework\system\CodeIgniter.php(928): App\Controllers\Siswa_tbtk->detail_data_keuangan('silvester-rangg...')
#6 C:\xampp\htdocs\admin_ppdb\vendor\codeigniter4\framework\system\CodeIgniter.php(436): CodeIgniter\CodeIgniter->runController(Object(App\Controllers\Siswa_tbtk))
#7 C:\xampp\htdocs\admin_ppdb\vendor\codeigniter4\framework\system\CodeIgniter.php(336): CodeIgniter\CodeIgniter->handleRequest(NULL, Object(Config\Cache), false)
#8 C:\xampp\htdocs\admin_ppdb\public\index.php(37): CodeIgniter\CodeIgniter->run()
#9 C:\xampp\htdocs\admin_ppdb\vendor\codeigniter4\framework\system\Commands\Server\rewrite.php(45): require_once('C:\\xampp\\htdocs...')
#10 {main}
CRITICAL - 2021-09-08 01:00:49 --> Undefined variable $pembayaran_tahap_1
#0 C:\xampp\htdocs\admin_ppdb\app\Views\tbtk\detail_data_keuangan.php(238): CodeIgniter\Debug\Exceptions->errorHandler(2, 'Undefined varia...', 'C:\\xampp\\htdocs...', 238)
#1 C:\xampp\htdocs\admin_ppdb\vendor\codeigniter4\framework\system\View\View.php(230): include('C:\\xampp\\htdocs...')
#2 C:\xampp\htdocs\admin_ppdb\vendor\codeigniter4\framework\system\View\View.php(232): CodeIgniter\View\View->CodeIgniter\View\{closure}()
#3 C:\xampp\htdocs\admin_ppdb\vendor\codeigniter4\framework\system\Common.php(1271): CodeIgniter\View\View->render('tbtk/detail_dat...', Array, true)
#4 C:\xampp\htdocs\admin_ppdb\app\Controllers\Siswa_tbtk.php(331): view('tbtk/detail_dat...', Array)
#5 C:\xampp\htdocs\admin_ppdb\vendor\codeigniter4\framework\system\CodeIgniter.php(928): App\Controllers\Siswa_tbtk->detail_data_keuangan('silvester-rangg...')
#6 C:\xampp\htdocs\admin_ppdb\vendor\codeigniter4\framework\system\CodeIgniter.php(436): CodeIgniter\CodeIgniter->runController(Object(App\Controllers\Siswa_tbtk))
#7 C:\xampp\htdocs\admin_ppdb\vendor\codeigniter4\framework\system\CodeIgniter.php(336): CodeIgniter\CodeIgniter->handleRequest(NULL, Object(Config\Cache), false)
#8 C:\xampp\htdocs\admin_ppdb\public\index.php(37): CodeIgniter\CodeIgniter->run()
#9 C:\xampp\htdocs\admin_ppdb\vendor\codeigniter4\framework\system\Commands\Server\rewrite.php(45): require_once('C:\\xampp\\htdocs...')
#10 {main}
CRITICAL - 2021-09-08 01:01:26 --> Undefined variable $slug_unit
#0 C:\xampp\htdocs\admin_ppdb\app\Views\tbtk\detail_data_keuangan.php(274): CodeIgniter\Debug\Exceptions->errorHandler(2, 'Undefined varia...', 'C:\\xampp\\htdocs...', 274)
#1 C:\xampp\htdocs\admin_ppdb\vendor\codeigniter4\framework\system\View\View.php(230): include('C:\\xampp\\htdocs...')
#2 C:\xampp\htdocs\admin_ppdb\vendor\codeigniter4\framework\system\View\View.php(232): CodeIgniter\View\View->CodeIgniter\View\{closure}()
#3 C:\xampp\htdocs\admin_ppdb\vendor\codeigniter4\framework\system\Common.php(1271): CodeIgniter\View\View->render('tbtk/detail_dat...', Array, true)
#4 C:\xampp\htdocs\admin_ppdb\app\Controllers\Siswa_tbtk.php(335): view('tbtk/detail_dat...', Array)
#5 C:\xampp\htdocs\admin_ppdb\vendor\codeigniter4\framework\system\CodeIgniter.php(928): App\Controllers\Siswa_tbtk->detail_data_keuangan('silvester-rangg...')
#6 C:\xampp\htdocs\admin_ppdb\vendor\codeigniter4\framework\system\CodeIgniter.php(436): CodeIgniter\CodeIgniter->runController(Object(App\Controllers\Siswa_tbtk))
#7 C:\xampp\htdocs\admin_ppdb\vendor\codeigniter4\framework\system\CodeIgniter.php(336): CodeIgniter\CodeIgniter->handleRequest(NULL, Object(Config\Cache), false)
#8 C:\xampp\htdocs\admin_ppdb\public\index.php(37): CodeIgniter\CodeIgniter->run()
#9 C:\xampp\htdocs\admin_ppdb\vendor\codeigniter4\framework\system\Commands\Server\rewrite.php(45): require_once('C:\\xampp\\htdocs...')
#10 {main}
CRITICAL - 2021-09-08 01:04:05 --> Attempt to read property "tanggal_bayar" on null
#0 C:\xampp\htdocs\admin_ppdb\app\Views\tbtk\detail_data_keuangan.php(370): CodeIgniter\Debug\Exceptions->errorHandler(2, 'Attempt to read...', 'C:\\xampp\\htdocs...', 370)
#1 C:\xampp\htdocs\admin_ppdb\vendor\codeigniter4\framework\system\View\View.php(230): include('C:\\xampp\\htdocs...')
#2 C:\xampp\htdocs\admin_ppdb\vendor\codeigniter4\framework\system\View\View.php(232): CodeIgniter\View\View->CodeIgniter\View\{closure}()
#3 C:\xampp\htdocs\admin_ppdb\vendor\codeigniter4\framework\system\Common.php(1271): CodeIgniter\View\View->render('tbtk/detail_dat...', Array, true)
#4 C:\xampp\htdocs\admin_ppdb\app\Controllers\Siswa_tbtk.php(335): view('tbtk/detail_dat...', Array)
#5 C:\xampp\htdocs\admin_ppdb\vendor\codeigniter4\framework\system\CodeIgniter.php(928): App\Controllers\Siswa_tbtk->detail_data_keuangan('silvester-rangg...')
#6 C:\xampp\htdocs\admin_ppdb\vendor\codeigniter4\framework\system\CodeIgniter.php(436): CodeIgniter\CodeIgniter->runController(Object(App\Controllers\Siswa_tbtk))
#7 C:\xampp\htdocs\admin_ppdb\vendor\codeigniter4\framework\system\CodeIgniter.php(336): CodeIgniter\CodeIgniter->handleRequest(NULL, Object(Config\Cache), false)
#8 C:\xampp\htdocs\admin_ppdb\public\index.php(37): CodeIgniter\CodeIgniter->run()
#9 C:\xampp\htdocs\admin_ppdb\vendor\codeigniter4\framework\system\Commands\Server\rewrite.php(45): require_once('C:\\xampp\\htdocs...')
#10 {main}
CRITICAL - 2021-09-08 01:04:40 --> Attempt to read property "tanggal_bayar" on null
#0 C:\xampp\htdocs\admin_ppdb\app\Views\tbtk\detail_data_keuangan.php(238): CodeIgniter\Debug\Exceptions->errorHandler(2, 'Attempt to read...', 'C:\\xampp\\htdocs...', 238)
#1 C:\xampp\htdocs\admin_ppdb\vendor\codeigniter4\framework\system\View\View.php(230): include('C:\\xampp\\htdocs...')
#2 C:\xampp\htdocs\admin_ppdb\vendor\codeigniter4\framework\system\View\View.php(232): CodeIgniter\View\View->CodeIgniter\View\{closure}()
#3 C:\xampp\htdocs\admin_ppdb\vendor\codeigniter4\framework\system\Common.php(1271): CodeIgniter\View\View->render('tbtk/detail_dat...', Array, true)
#4 C:\xampp\htdocs\admin_ppdb\app\Controllers\Siswa_tbtk.php(335): view('tbtk/detail_dat...', Array)
#5 C:\xampp\htdocs\admin_ppdb\vendor\codeigniter4\framework\system\CodeIgniter.php(928): App\Controllers\Siswa_tbtk->detail_data_keuangan('calon-peserta-d...')
#6 C:\xampp\htdocs\admin_ppdb\vendor\codeigniter4\framework\system\CodeIgniter.php(436): CodeIgniter\CodeIgniter->runController(Object(App\Controllers\Siswa_tbtk))
#7 C:\xampp\htdocs\admin_ppdb\vendor\codeigniter4\framework\system\CodeIgniter.php(336): CodeIgniter\CodeIgniter->handleRequest(NULL, Object(Config\Cache), false)
#8 C:\xampp\htdocs\admin_ppdb\public\index.php(37): CodeIgniter\CodeIgniter->run()
#9 C:\xampp\htdocs\admin_ppdb\vendor\codeigniter4\framework\system\Commands\Server\rewrite.php(45): require_once('C:\\xampp\\htdocs...')
#10 {main}
CRITICAL - 2021-09-08 01:05:31 --> Attempt to read property "nama_lengkap" on null
#0 C:\xampp\htdocs\admin_ppdb\app\Views\tbtk\detail_data_keuangan.php(55): CodeIgniter\Debug\Exceptions->errorHandler(2, 'Attempt to read...', 'C:\\xampp\\htdocs...', 55)
#1 C:\xampp\htdocs\admin_ppdb\vendor\codeigniter4\framework\system\View\View.php(230): include('C:\\xampp\\htdocs...')
#2 C:\xampp\htdocs\admin_ppdb\vendor\codeigniter4\framework\system\View\View.php(232): CodeIgniter\View\View->CodeIgniter\View\{closure}()
#3 C:\xampp\htdocs\admin_ppdb\vendor\codeigniter4\framework\system\Common.php(1271): CodeIgniter\View\View->render('tbtk/detail_dat...', Array, true)
#4 C:\xampp\htdocs\admin_ppdb\app\Controllers\Siswa_tbtk.php(335): view('tbtk/detail_dat...', Array)
#5 C:\xampp\htdocs\admin_ppdb\vendor\codeigniter4\framework\system\CodeIgniter.php(928): App\Controllers\Siswa_tbtk->detail_data_keuangan('calon-siswa-tk')
#6 C:\xampp\htdocs\admin_ppdb\vendor\codeigniter4\framework\system\CodeIgniter.php(436): CodeIgniter\CodeIgniter->runController(Object(App\Controllers\Siswa_tbtk))
#7 C:\xampp\htdocs\admin_ppdb\vendor\codeigniter4\framework\system\CodeIgniter.php(336): CodeIgniter\CodeIgniter->handleRequest(NULL, Object(Config\Cache), false)
#8 C:\xampp\htdocs\admin_ppdb\public\index.php(37): CodeIgniter\CodeIgniter->run()
#9 C:\xampp\htdocs\admin_ppdb\vendor\codeigniter4\framework\system\Commands\Server\rewrite.php(45): require_once('C:\\xampp\\htdocs...')
#10 {main}
